The system is: Linux - 6.1.0-22-amd64 - x86_64
Compiling the C compiler identification source file "CMakeCCompilerId.c" succeeded.
Compiler: /usr/bin/cc 
Build flags: ;-ffunction-sections;-fdata-sections;-fPIC;-m64
Id flags:  

The output was:
0


Compilation of the C compiler identification source "CMakeCCompilerId.c" produced "a.out"

The C compiler identification is GNU, found in "/home/xerox1/Documents/GitHub/stat_viewer/system_stats/target/debug/build/fltk-sys-9a1639c2616ca500/out/build/CMakeFiles/3.25.1/CompilerIdC/a.out"

Compiling the CXX compiler identification source file "CMakeCXXCompilerId.cpp" succeeded.
Compiler: /usr/bin/c++ 
Build flags: ;-ffunction-sections;-fdata-sections;-fPIC;-m64
Id flags:  

The output was:
0


Compilation of the CXX compiler identification source "CMakeCXXCompilerId.cpp" produced "a.out"

The CXX compiler identification is GNU, found in "/home/xerox1/Documents/GitHub/stat_viewer/system_stats/target/debug/build/fltk-sys-9a1639c2616ca500/out/build/CMakeFiles/3.25.1/CompilerIdCXX/a.out"

Detecting C compiler ABI info compiled with the following output:
Change Dir: /home/xerox1/Documents/GitHub/stat_viewer/system_stats/target/debug/build/fltk-sys-9a1639c2616ca500/out/build/CMakeFiles/CMakeScratch/TryCompile-l0jT0w

Run Build Command(s):/usr/bin/gmake -f Makefile cmTC_d11f5/fast && /usr/bin/gmake  -f CMakeFiles/cmTC_d11f5.dir/build.make CMakeFiles/cmTC_d11f5.dir/build
gmake[1]: Entering directory '/home/xerox1/Documents/GitHub/stat_viewer/system_stats/target/debug/build/fltk-sys-9a1639c2616ca500/out/build/CMakeFiles/CMakeScratch/TryCompile-l0jT0w'
Building C object CMakeFiles/cmTC_d11f5.dir/CMakeCCompilerABI.c.o
/usr/bin/cc   -ffunction-sections -fdata-sections -fPIC -m64    -v -o CMakeFiles/cmTC_d11f5.dir/CMakeCCompilerABI.c.o -c /usr/share/cmake-3.25/Modules/CMakeCCompilerABI.c
Using built-in specs.
COLLECT_GCC=/usr/bin/cc
OFFLOAD_TARGET_NAMES=nvptx-none:amdgcn-amdhsa
OFFLOAD_TARGET_DEFAULT=1
Target: x86_64-linux-gnu
Configured with: ../src/configure -v --with-pkgversion='Debian 12.2.0-14' --with-bugurl=file:///usr/share/doc/gcc-12/README.Bugs --enable-languages=c,ada,c++,go,d,fortran,objc,obj-c++,m2 --prefix=/usr --with-gcc-major-version-only --program-suffix=-12 --program-prefix=x86_64-linux-gnu- --enable-shared --enable-linker-build-id --libexecdir=/usr/lib --without-included-gettext --enable-threads=posix --libdir=/usr/lib --enable-nls --enable-clocale=gnu --enable-libstdcxx-debug --enable-libstdcxx-time=yes --with-default-libstdcxx-abi=new --enable-gnu-unique-object --disable-vtable-verify --enable-plugin --enable-default-pie --with-system-zlib --enable-libphobos-checking=release --with-target-system-zlib=auto --enable-objc-gc=auto --enable-multiarch --disable-werror --enable-cet --with-arch-32=i686 --with-abi=m64 --with-multilib-list=m32,m64,mx32 --enable-multilib --with-tune=generic --enable-offload-targets=nvptx-none=/build/gcc-12-bTRWOB/gcc-12-12.2.0/debian/tmp-nvptx/usr,amdgcn-amdhsa=/build/gcc-12-bTRWOB/gcc-12-12.2.0/debian/tmp-gcn/usr --enable-offload-defaulted --without-cuda-driver --enable-checking=release --build=x86_64-linux-gnu --host=x86_64-linux-gnu --target=x86_64-linux-gnu
Thread model: posix
Supported LTO compression algorithms: zlib zstd
gcc version 12.2.0 (Debian 12.2.0-14) 
COLLECT_GCC_OPTIONS='-ffunction-sections' '-fdata-sections' '-fPIC' '-m64' '-v' '-o' 'CMakeFiles/cmTC_d11f5.dir/CMakeCCompilerABI.c.o' '-c' '-mtune=generic' '-march=x86-64' '-dumpdir' 'CMakeFiles/cmTC_d11f5.dir/'
 /usr/lib/gcc/x86_64-linux-gnu/12/cc1 -quiet -v -imultiarch x86_64-linux-gnu /usr/share/cmake-3.25/Modules/CMakeCCompilerABI.c -quiet -dumpdir CMakeFiles/cmTC_d11f5.dir/ -dumpbase CMakeCCompilerABI.c.c -dumpbase-ext .c -m64 -mtune=generic -march=x86-64 -version -ffunction-sections -fdata-sections -fPIC -fasynchronous-unwind-tables -o /tmp/ccHh8uYl.s
GNU C17 (Debian 12.2.0-14) version 12.2.0 (x86_64-linux-gnu)
	compiled by GNU C version 12.2.0, GMP version 6.2.1, MPFR version 4.1.1-p1, MPC version 1.3.1, isl version isl-0.25-GMP

warning: MPFR header version 4.1.1-p1 differs from library version 4.2.0.
GGC heuristics: --param ggc-min-expand=100 --param ggc-min-heapsize=131072
ignoring nonexistent directory "/usr/local/include/x86_64-linux-gnu"
ignoring nonexistent directory "/usr/lib/gcc/x86_64-linux-gnu/12/include-fixed"
ignoring nonexistent directory "/usr/lib/gcc/x86_64-linux-gnu/12/../../../../x86_64-linux-gnu/include"
#include "..." search starts here:
#include <...> search starts here:
 /usr/lib/gcc/x86_64-linux-gnu/12/include
 /usr/local/include
 /usr/include/x86_64-linux-gnu
 /usr/include
End of search list.
GNU C17 (Debian 12.2.0-14) version 12.2.0 (x86_64-linux-gnu)
	compiled by GNU C version 12.2.0, GMP version 6.2.1, MPFR version 4.1.1-p1, MPC version 1.3.1, isl version isl-0.25-GMP

warning: MPFR header version 4.1.1-p1 differs from library version 4.2.0.
GGC heuristics: --param ggc-min-expand=100 --param ggc-min-heapsize=131072
Compiler executable checksum: cc72d2b9b5048fedc2be9051c917b40b
COLLECT_GCC_OPTIONS='-ffunction-sections' '-fdata-sections' '-fPIC' '-m64' '-v' '-o' 'CMakeFiles/cmTC_d11f5.dir/CMakeCCompilerABI.c.o' '-c' '-mtune=generic' '-march=x86-64' '-dumpdir' 'CMakeFiles/cmTC_d11f5.dir/'
 as -v --64 -o CMakeFiles/cmTC_d11f5.dir/CMakeCCompilerABI.c.o /tmp/ccHh8uYl.s
GNU assembler version 2.40 (x86_64-linux-gnu) using BFD version (GNU Binutils for Debian) 2.40
COMPILER_PATH=/usr/lib/gcc/x86_64-linux-gnu/12/:/usr/lib/gcc/x86_64-linux-gnu/12/:/usr/lib/gcc/x86_64-linux-gnu/:/usr/lib/gcc/x86_64-linux-gnu/12/:/usr/lib/gcc/x86_64-linux-gnu/
LIBRARY_PATH=/usr/lib/gcc/x86_64-linux-gnu/12/:/usr/lib/gcc/x86_64-linux-gnu/12/../../../x86_64-linux-gnu/:/usr/lib/gcc/x86_64-linux-gnu/12/../../../../lib/:/lib/x86_64-linux-gnu/:/lib/../lib/:/usr/lib/x86_64-linux-gnu/:/usr/lib/../lib/:/usr/lib/gcc/x86_64-linux-gnu/12/../../../:/lib/:/usr/lib/
COLLECT_GCC_OPTIONS='-ffunction-sections' '-fdata-sections' '-fPIC' '-m64' '-v' '-o' 'CMakeFiles/cmTC_d11f5.dir/CMakeCCompilerABI.c.o' '-c' '-mtune=generic' '-march=x86-64' '-dumpdir' 'CMakeFiles/cmTC_d11f5.dir/CMakeCCompilerABI.c.'
Linking C executable cmTC_d11f5
/usr/bin/cmake -E cmake_link_script CMakeFiles/cmTC_d11f5.dir/link.txt --verbose=1
/usr/bin/cc  -ffunction-sections -fdata-sections -fPIC -m64   -v -rdynamic CMakeFiles/cmTC_d11f5.dir/CMakeCCompilerABI.c.o -o cmTC_d11f5 
Using built-in specs.
COLLECT_GCC=/usr/bin/cc
COLLECT_LTO_WRAPPER=/usr/lib/gcc/x86_64-linux-gnu/12/lto-wrapper
OFFLOAD_TARGET_NAMES=nvptx-none:amdgcn-amdhsa
OFFLOAD_TARGET_DEFAULT=1
Target: x86_64-linux-gnu
Configured with: ../src/configure -v --with-pkgversion='Debian 12.2.0-14' --with-bugurl=file:///usr/share/doc/gcc-12/README.Bugs --enable-languages=c,ada,c++,go,d,fortran,objc,obj-c++,m2 --prefix=/usr --with-gcc-major-version-only --program-suffix=-12 --program-prefix=x86_64-linux-gnu- --enable-shared --enable-linker-build-id --libexecdir=/usr/lib --without-included-gettext --enable-threads=posix --libdir=/usr/lib --enable-nls --enable-clocale=gnu --enable-libstdcxx-debug --enable-libstdcxx-time=yes --with-default-libstdcxx-abi=new --enable-gnu-unique-object --disable-vtable-verify --enable-plugin --enable-default-pie --with-system-zlib --enable-libphobos-checking=release --with-target-system-zlib=auto --enable-objc-gc=auto --enable-multiarch --disable-werror --enable-cet --with-arch-32=i686 --with-abi=m64 --with-multilib-list=m32,m64,mx32 --enable-multilib --with-tune=generic --enable-offload-targets=nvptx-none=/build/gcc-12-bTRWOB/gcc-12-12.2.0/debian/tmp-nvptx/usr,amdgcn-amdhsa=/build/gcc-12-bTRWOB/gcc-12-12.2.0/debian/tmp-gcn/usr --enable-offload-defaulted --without-cuda-driver --enable-checking=release --build=x86_64-linux-gnu --host=x86_64-linux-gnu --target=x86_64-linux-gnu
Thread model: posix
Supported LTO compression algorithms: zlib zstd
gcc version 12.2.0 (Debian 12.2.0-14) 
COMPILER_PATH=/usr/lib/gcc/x86_64-linux-gnu/12/:/usr/lib/gcc/x86_64-linux-gnu/12/:/usr/lib/gcc/x86_64-linux-gnu/:/usr/lib/gcc/x86_64-linux-gnu/12/:/usr/lib/gcc/x86_64-linux-gnu/
LIBRARY_PATH=/usr/lib/gcc/x86_64-linux-gnu/12/:/usr/lib/gcc/x86_64-linux-gnu/12/../../../x86_64-linux-gnu/:/usr/lib/gcc/x86_64-linux-gnu/12/../../../../lib/:/lib/x86_64-linux-gnu/:/lib/../lib/:/usr/lib/x86_64-linux-gnu/:/usr/lib/../lib/:/usr/lib/gcc/x86_64-linux-gnu/12/../../../:/lib/:/usr/lib/
COLLECT_GCC_OPTIONS='-ffunction-sections' '-fdata-sections' '-fPIC' '-m64' '-v' '-rdynamic' '-o' 'cmTC_d11f5' '-mtune=generic' '-march=x86-64' '-dumpdir' 'cmTC_d11f5.'
 /usr/lib/gcc/x86_64-linux-gnu/12/collect2 -plugin /usr/lib/gcc/x86_64-linux-gnu/12/liblto_plugin.so -plugin-opt=/usr/lib/gcc/x86_64-linux-gnu/12/lto-wrapper -plugin-opt=-fresolution=/tmp/cckgoTab.res -plugin-opt=-pass-through=-lgcc -plugin-opt=-pass-through=-lgcc_s -plugin-opt=-pass-through=-lc -plugin-opt=-pass-through=-lgcc -plugin-opt=-pass-through=-lgcc_s --build-id --eh-frame-hdr -m elf_x86_64 --hash-style=gnu --as-needed -export-dynamic -dynamic-linker /lib64/ld-linux-x86-64.so.2 -pie -o cmTC_d11f5 /usr/lib/gcc/x86_64-linux-gnu/12/../../../x86_64-linux-gnu/Scrt1.o /usr/lib/gcc/x86_64-linux-gnu/12/../../../x86_64-linux-gnu/crti.o /usr/lib/gcc/x86_64-linux-gnu/12/crtbeginS.o -L/usr/lib/gcc/x86_64-linux-gnu/12 -L/usr/lib/gcc/x86_64-linux-gnu/12/../../../x86_64-linux-gnu -L/usr/lib/gcc/x86_64-linux-gnu/12/../../../../lib -L/lib/x86_64-linux-gnu -L/lib/../lib -L/usr/lib/x86_64-linux-gnu -L/usr/lib/../lib -L/usr/lib/gcc/x86_64-linux-gnu/12/../../.. CMakeFiles/cmTC_d11f5.dir/CMakeCCompilerABI.c.o -lgcc --push-state --as-needed -lgcc_s --pop-state -lc -lgcc --push-state --as-needed -lgcc_s --pop-state /usr/lib/gcc/x86_64-linux-gnu/12/crtendS.o /usr/lib/gcc/x86_64-linux-gnu/12/../../../x86_64-linux-gnu/crtn.o
COLLECT_GCC_OPTIONS='-ffunction-sections' '-fdata-sections' '-fPIC' '-m64' '-v' '-rdynamic' '-o' 'cmTC_d11f5' '-mtune=generic' '-march=x86-64' '-dumpdir' 'cmTC_d11f5.'
gmake[1]: Leaving directory '/home/xerox1/Documents/GitHub/stat_viewer/system_stats/target/debug/build/fltk-sys-9a1639c2616ca500/out/build/CMakeFiles/CMakeScratch/TryCompile-l0jT0w'



Parsed C implicit include dir info from above output: rv=done
  found start of include info
  found start of implicit include info
    add: [/usr/lib/gcc/x86_64-linux-gnu/12/include]
    add: [/usr/local/include]
    add: [/usr/include/x86_64-linux-gnu]
    add: [/usr/include]
  end of search list found
  collapse include dir [/usr/lib/gcc/x86_64-linux-gnu/12/include] ==> [/usr/lib/gcc/x86_64-linux-gnu/12/include]
  collapse include dir [/usr/local/include] ==> [/usr/local/include]
  collapse include dir [/usr/include/x86_64-linux-gnu] ==> [/usr/include/x86_64-linux-gnu]
  collapse include dir [/usr/include] ==> [/usr/include]
  implicit include dirs: [/usr/lib/gcc/x86_64-linux-gnu/12/include;/usr/local/include;/usr/include/x86_64-linux-gnu;/usr/include]


Parsed C implicit link information from above output:
  link line regex: [^( *|.*[/\])(ld|CMAKE_LINK_STARTFILE-NOTFOUND|([^/\]+-)?ld|collect2)[^/\]*( |$)]
  ignore line: [Change Dir: /home/xerox1/Documents/GitHub/stat_viewer/system_stats/target/debug/build/fltk-sys-9a1639c2616ca500/out/build/CMakeFiles/CMakeScratch/TryCompile-l0jT0w]
  ignore line: []
  ignore line: [Run Build Command(s):/usr/bin/gmake -f Makefile cmTC_d11f5/fast && /usr/bin/gmake  -f CMakeFiles/cmTC_d11f5.dir/build.make CMakeFiles/cmTC_d11f5.dir/build]
  ignore line: [gmake[1]: Entering directory '/home/xerox1/Documents/GitHub/stat_viewer/system_stats/target/debug/build/fltk-sys-9a1639c2616ca500/out/build/CMakeFiles/CMakeScratch/TryCompile-l0jT0w']
  ignore line: [Building C object CMakeFiles/cmTC_d11f5.dir/CMakeCCompilerABI.c.o]
  ignore line: [/usr/bin/cc   -ffunction-sections -fdata-sections -fPIC -m64    -v -o CMakeFiles/cmTC_d11f5.dir/CMakeCCompilerABI.c.o -c /usr/share/cmake-3.25/Modules/CMakeCCompilerABI.c]
  ignore line: [Using built-in specs.]
  ignore line: [COLLECT_GCC=/usr/bin/cc]
  ignore line: [OFFLOAD_TARGET_NAMES=nvptx-none:amdgcn-amdhsa]
  ignore line: [OFFLOAD_TARGET_DEFAULT=1]
  ignore line: [Target: x86_64-linux-gnu]
  ignore line: [Configured with: ../src/configure -v --with-pkgversion='Debian 12.2.0-14' --with-bugurl=file:///usr/share/doc/gcc-12/README.Bugs --enable-languages=c ada c++ go d fortran objc obj-c++ m2 --prefix=/usr --with-gcc-major-version-only --program-suffix=-12 --program-prefix=x86_64-linux-gnu- --enable-shared --enable-linker-build-id --libexecdir=/usr/lib --without-included-gettext --enable-threads=posix --libdir=/usr/lib --enable-nls --enable-clocale=gnu --enable-libstdcxx-debug --enable-libstdcxx-time=yes --with-default-libstdcxx-abi=new --enable-gnu-unique-object --disable-vtable-verify --enable-plugin --enable-default-pie --with-system-zlib --enable-libphobos-checking=release --with-target-system-zlib=auto --enable-objc-gc=auto --enable-multiarch --disable-werror --enable-cet --with-arch-32=i686 --with-abi=m64 --with-multilib-list=m32 m64 mx32 --enable-multilib --with-tune=generic --enable-offload-targets=nvptx-none=/build/gcc-12-bTRWOB/gcc-12-12.2.0/debian/tmp-nvptx/usr amdgcn-amdhsa=/build/gcc-12-bTRWOB/gcc-12-12.2.0/debian/tmp-gcn/usr --enable-offload-defaulted --without-cuda-driver --enable-checking=release --build=x86_64-linux-gnu --host=x86_64-linux-gnu --target=x86_64-linux-gnu]
  ignore line: [Thread model: posix]
  ignore line: [Supported LTO compression algorithms: zlib zstd]
  ignore line: [gcc version 12.2.0 (Debian 12.2.0-14) ]
  ignore line: [COLLECT_GCC_OPTIONS='-ffunction-sections' '-fdata-sections' '-fPIC' '-m64' '-v' '-o' 'CMakeFiles/cmTC_d11f5.dir/CMakeCCompilerABI.c.o' '-c' '-mtune=generic' '-march=x86-64' '-dumpdir' 'CMakeFiles/cmTC_d11f5.dir/']
  ignore line: [ /usr/lib/gcc/x86_64-linux-gnu/12/cc1 -quiet -v -imultiarch x86_64-linux-gnu /usr/share/cmake-3.25/Modules/CMakeCCompilerABI.c -quiet -dumpdir CMakeFiles/cmTC_d11f5.dir/ -dumpbase CMakeCCompilerABI.c.c -dumpbase-ext .c -m64 -mtune=generic -march=x86-64 -version -ffunction-sections -fdata-sections -fPIC -fasynchronous-unwind-tables -o /tmp/ccHh8uYl.s]
  ignore line: [GNU C17 (Debian 12.2.0-14) version 12.2.0 (x86_64-linux-gnu)]
  ignore line: [	compiled by GNU C version 12.2.0  GMP version 6.2.1  MPFR version 4.1.1-p1  MPC version 1.3.1  isl version isl-0.25-GMP]
  ignore line: []
  ignore line: [warning: MPFR header version 4.1.1-p1 differs from library version 4.2.0.]
  ignore line: [GGC heuristics: --param ggc-min-expand=100 --param ggc-min-heapsize=131072]
  ignore line: [ignoring nonexistent directory "/usr/local/include/x86_64-linux-gnu"]
  ignore line: [ignoring nonexistent directory "/usr/lib/gcc/x86_64-linux-gnu/12/include-fixed"]
  ignore line: [ignoring nonexistent directory "/usr/lib/gcc/x86_64-linux-gnu/12/../../../../x86_64-linux-gnu/include"]
  ignore line: [#include "..." search starts here:]
  ignore line: [#include <...> search starts here:]
  ignore line: [ /usr/lib/gcc/x86_64-linux-gnu/12/include]
  ignore line: [ /usr/local/include]
  ignore line: [ /usr/include/x86_64-linux-gnu]
  ignore line: [ /usr/include]
  ignore line: [End of search list.]
  ignore line: [GNU C17 (Debian 12.2.0-14) version 12.2.0 (x86_64-linux-gnu)]
  ignore line: [	compiled by GNU C version 12.2.0  GMP version 6.2.1  MPFR version 4.1.1-p1  MPC version 1.3.1  isl version isl-0.25-GMP]
  ignore line: []
  ignore line: [warning: MPFR header version 4.1.1-p1 differs from library version 4.2.0.]
  ignore line: [GGC heuristics: --param ggc-min-expand=100 --param ggc-min-heapsize=131072]
  ignore line: [Compiler executable checksum: cc72d2b9b5048fedc2be9051c917b40b]
  ignore line: [COLLECT_GCC_OPTIONS='-ffunction-sections' '-fdata-sections' '-fPIC' '-m64' '-v' '-o' 'CMakeFiles/cmTC_d11f5.dir/CMakeCCompilerABI.c.o' '-c' '-mtune=generic' '-march=x86-64' '-dumpdir' 'CMakeFiles/cmTC_d11f5.dir/']
  ignore line: [ as -v --64 -o CMakeFiles/cmTC_d11f5.dir/CMakeCCompilerABI.c.o /tmp/ccHh8uYl.s]
  ignore line: [GNU assembler version 2.40 (x86_64-linux-gnu) using BFD version (GNU Binutils for Debian) 2.40]
  ignore line: [COMPILER_PATH=/usr/lib/gcc/x86_64-linux-gnu/12/:/usr/lib/gcc/x86_64-linux-gnu/12/:/usr/lib/gcc/x86_64-linux-gnu/:/usr/lib/gcc/x86_64-linux-gnu/12/:/usr/lib/gcc/x86_64-linux-gnu/]
  ignore line: [LIBRARY_PATH=/usr/lib/gcc/x86_64-linux-gnu/12/:/usr/lib/gcc/x86_64-linux-gnu/12/../../../x86_64-linux-gnu/:/usr/lib/gcc/x86_64-linux-gnu/12/../../../../lib/:/lib/x86_64-linux-gnu/:/lib/../lib/:/usr/lib/x86_64-linux-gnu/:/usr/lib/../lib/:/usr/lib/gcc/x86_64-linux-gnu/12/../../../:/lib/:/usr/lib/]
  ignore line: [COLLECT_GCC_OPTIONS='-ffunction-sections' '-fdata-sections' '-fPIC' '-m64' '-v' '-o' 'CMakeFiles/cmTC_d11f5.dir/CMakeCCompilerABI.c.o' '-c' '-mtune=generic' '-march=x86-64' '-dumpdir' 'CMakeFiles/cmTC_d11f5.dir/CMakeCCompilerABI.c.']
  ignore line: [Linking C executable cmTC_d11f5]
  ignore line: [/usr/bin/cmake -E cmake_link_script CMakeFiles/cmTC_d11f5.dir/link.txt --verbose=1]
  ignore line: [/usr/bin/cc  -ffunction-sections -fdata-sections -fPIC -m64   -v -rdynamic CMakeFiles/cmTC_d11f5.dir/CMakeCCompilerABI.c.o -o cmTC_d11f5 ]
  ignore line: [Using built-in specs.]
  ignore line: [COLLECT_GCC=/usr/bin/cc]
  ignore line: [COLLECT_LTO_WRAPPER=/usr/lib/gcc/x86_64-linux-gnu/12/lto-wrapper]
  ignore line: [OFFLOAD_TARGET_NAMES=nvptx-none:amdgcn-amdhsa]
  ignore line: [OFFLOAD_TARGET_DEFAULT=1]
  ignore line: [Target: x86_64-linux-gnu]
  ignore line: [Configured with: ../src/configure -v --with-pkgversion='Debian 12.2.0-14' --with-bugurl=file:///usr/share/doc/gcc-12/README.Bugs --enable-languages=c ada c++ go d fortran objc obj-c++ m2 --prefix=/usr --with-gcc-major-version-only --program-suffix=-12 --program-prefix=x86_64-linux-gnu- --enable-shared --enable-linker-build-id --libexecdir=/usr/lib --without-included-gettext --enable-threads=posix --libdir=/usr/lib --enable-nls --enable-clocale=gnu --enable-libstdcxx-debug --enable-libstdcxx-time=yes --with-default-libstdcxx-abi=new --enable-gnu-unique-object --disable-vtable-verify --enable-plugin --enable-default-pie --with-system-zlib --enable-libphobos-checking=release --with-target-system-zlib=auto --enable-objc-gc=auto --enable-multiarch --disable-werror --enable-cet --with-arch-32=i686 --with-abi=m64 --with-multilib-list=m32 m64 mx32 --enable-multilib --with-tune=generic --enable-offload-targets=nvptx-none=/build/gcc-12-bTRWOB/gcc-12-12.2.0/debian/tmp-nvptx/usr amdgcn-amdhsa=/build/gcc-12-bTRWOB/gcc-12-12.2.0/debian/tmp-gcn/usr --enable-offload-defaulted --without-cuda-driver --enable-checking=release --build=x86_64-linux-gnu --host=x86_64-linux-gnu --target=x86_64-linux-gnu]
  ignore line: [Thread model: posix]
  ignore line: [Supported LTO compression algorithms: zlib zstd]
  ignore line: [gcc version 12.2.0 (Debian 12.2.0-14) ]
  ignore line: [COMPILER_PATH=/usr/lib/gcc/x86_64-linux-gnu/12/:/usr/lib/gcc/x86_64-linux-gnu/12/:/usr/lib/gcc/x86_64-linux-gnu/:/usr/lib/gcc/x86_64-linux-gnu/12/:/usr/lib/gcc/x86_64-linux-gnu/]
  ignore line: [LIBRARY_PATH=/usr/lib/gcc/x86_64-linux-gnu/12/:/usr/lib/gcc/x86_64-linux-gnu/12/../../../x86_64-linux-gnu/:/usr/lib/gcc/x86_64-linux-gnu/12/../../../../lib/:/lib/x86_64-linux-gnu/:/lib/../lib/:/usr/lib/x86_64-linux-gnu/:/usr/lib/../lib/:/usr/lib/gcc/x86_64-linux-gnu/12/../../../:/lib/:/usr/lib/]
  ignore line: [COLLECT_GCC_OPTIONS='-ffunction-sections' '-fdata-sections' '-fPIC' '-m64' '-v' '-rdynamic' '-o' 'cmTC_d11f5' '-mtune=generic' '-march=x86-64' '-dumpdir' 'cmTC_d11f5.']
  link line: [ /usr/lib/gcc/x86_64-linux-gnu/12/collect2 -plugin /usr/lib/gcc/x86_64-linux-gnu/12/liblto_plugin.so -plugin-opt=/usr/lib/gcc/x86_64-linux-gnu/12/lto-wrapper -plugin-opt=-fresolution=/tmp/cckgoTab.res -plugin-opt=-pass-through=-lgcc -plugin-opt=-pass-through=-lgcc_s -plugin-opt=-pass-through=-lc -plugin-opt=-pass-through=-lgcc -plugin-opt=-pass-through=-lgcc_s --build-id --eh-frame-hdr -m elf_x86_64 --hash-style=gnu --as-needed -export-dynamic -dynamic-linker /lib64/ld-linux-x86-64.so.2 -pie -o cmTC_d11f5 /usr/lib/gcc/x86_64-linux-gnu/12/../../../x86_64-linux-gnu/Scrt1.o /usr/lib/gcc/x86_64-linux-gnu/12/../../../x86_64-linux-gnu/crti.o /usr/lib/gcc/x86_64-linux-gnu/12/crtbeginS.o -L/usr/lib/gcc/x86_64-linux-gnu/12 -L/usr/lib/gcc/x86_64-linux-gnu/12/../../../x86_64-linux-gnu -L/usr/lib/gcc/x86_64-linux-gnu/12/../../../../lib -L/lib/x86_64-linux-gnu -L/lib/../lib -L/usr/lib/x86_64-linux-gnu -L/usr/lib/../lib -L/usr/lib/gcc/x86_64-linux-gnu/12/../../.. CMakeFiles/cmTC_d11f5.dir/CMakeCCompilerABI.c.o -lgcc --push-state --as-needed -lgcc_s --pop-state -lc -lgcc --push-state --as-needed -lgcc_s --pop-state /usr/lib/gcc/x86_64-linux-gnu/12/crtendS.o /usr/lib/gcc/x86_64-linux-gnu/12/../../../x86_64-linux-gnu/crtn.o]
    arg [/usr/lib/gcc/x86_64-linux-gnu/12/collect2] ==> ignore
    arg [-plugin] ==> ignore
    arg [/usr/lib/gcc/x86_64-linux-gnu/12/liblto_plugin.so] ==> ignore
    arg [-plugin-opt=/usr/lib/gcc/x86_64-linux-gnu/12/lto-wrapper] ==> ignore
    arg [-plugin-opt=-fresolution=/tmp/cckgoTab.res] ==> ignore
    arg [-plugin-opt=-pass-through=-lgcc] ==> ignore
    arg [-plugin-opt=-pass-through=-lgcc_s] ==> ignore
    arg [-plugin-opt=-pass-through=-lc] ==> ignore
    arg [-plugin-opt=-pass-through=-lgcc] ==> ignore
    arg [-plugin-opt=-pass-through=-lgcc_s] ==> ignore
    arg [--build-id] ==> ignore
    arg [--eh-frame-hdr] ==> ignore
    arg [-m] ==> ignore
    arg [elf_x86_64] ==> ignore
    arg [--hash-style=gnu] ==> ignore
    arg [--as-needed] ==> ignore
    arg [-export-dynamic] ==> ignore
    arg [-dynamic-linker] ==> ignore
    arg [/lib64/ld-linux-x86-64.so.2] ==> ignore
    arg [-pie] ==> ignore
    arg [-o] ==> ignore
    arg [cmTC_d11f5] ==> ignore
    arg [/usr/lib/gcc/x86_64-linux-gnu/12/../../../x86_64-linux-gnu/Scrt1.o] ==> obj [/usr/lib/gcc/x86_64-linux-gnu/12/../../../x86_64-linux-gnu/Scrt1.o]
    arg [/usr/lib/gcc/x86_64-linux-gnu/12/../../../x86_64-linux-gnu/crti.o] ==> obj [/usr/lib/gcc/x86_64-linux-gnu/12/../../../x86_64-linux-gnu/crti.o]
    arg [/usr/lib/gcc/x86_64-linux-gnu/12/crtbeginS.o] ==> obj [/usr/lib/gcc/x86_64-linux-gnu/12/crtbeginS.o]
    arg [-L/usr/lib/gcc/x86_64-linux-gnu/12] ==> dir [/usr/lib/gcc/x86_64-linux-gnu/12]
    arg [-L/usr/lib/gcc/x86_64-linux-gnu/12/../../../x86_64-linux-gnu] ==> dir [/usr/lib/gcc/x86_64-linux-gnu/12/../../../x86_64-linux-gnu]
    arg [-L/usr/lib/gcc/x86_64-linux-gnu/12/../../../../lib] ==> dir [/usr/lib/gcc/x86_64-linux-gnu/12/../../../../lib]
    arg [-L/lib/x86_64-linux-gnu] ==> dir [/lib/x86_64-linux-gnu]
    arg [-L/lib/../lib] ==> dir [/lib/../lib]
    arg [-L/usr/lib/x86_64-linux-gnu] ==> dir [/usr/lib/x86_64-linux-gnu]
    arg [-L/usr/lib/../lib] ==> dir [/usr/lib/../lib]
    arg [-L/usr/lib/gcc/x86_64-linux-gnu/12/../../..] ==> dir [/usr/lib/gcc/x86_64-linux-gnu/12/../../..]
    arg [CMakeFiles/cmTC_d11f5.dir/CMakeCCompilerABI.c.o] ==> ignore
    arg [-lgcc] ==> lib [gcc]
    arg [--push-state] ==> ignore
    arg [--as-needed] ==> ignore
    arg [-lgcc_s] ==> lib [gcc_s]
    arg [--pop-state] ==> ignore
    arg [-lc] ==> lib [c]
    arg [-lgcc] ==> lib [gcc]
    arg [--push-state] ==> ignore
    arg [--as-needed] ==> ignore
    arg [-lgcc_s] ==> lib [gcc_s]
    arg [--pop-state] ==> ignore
    arg [/usr/lib/gcc/x86_64-linux-gnu/12/crtendS.o] ==> obj [/usr/lib/gcc/x86_64-linux-gnu/12/crtendS.o]
    arg [/usr/lib/gcc/x86_64-linux-gnu/12/../../../x86_64-linux-gnu/crtn.o] ==> obj [/usr/lib/gcc/x86_64-linux-gnu/12/../../../x86_64-linux-gnu/crtn.o]
  collapse obj [/usr/lib/gcc/x86_64-linux-gnu/12/../../../x86_64-linux-gnu/Scrt1.o] ==> [/usr/lib/x86_64-linux-gnu/Scrt1.o]
  collapse obj [/usr/lib/gcc/x86_64-linux-gnu/12/../../../x86_64-linux-gnu/crti.o] ==> [/usr/lib/x86_64-linux-gnu/crti.o]
  collapse obj [/usr/lib/gcc/x86_64-linux-gnu/12/../../../x86_64-linux-gnu/crtn.o] ==> [/usr/lib/x86_64-linux-gnu/crtn.o]
  collapse library dir [/usr/lib/gcc/x86_64-linux-gnu/12] ==> [/usr/lib/gcc/x86_64-linux-gnu/12]
  collapse library dir [/usr/lib/gcc/x86_64-linux-gnu/12/../../../x86_64-linux-gnu] ==> [/usr/lib/x86_64-linux-gnu]
  collapse library dir [/usr/lib/gcc/x86_64-linux-gnu/12/../../../../lib] ==> [/usr/lib]
  collapse library dir [/lib/x86_64-linux-gnu] ==> [/lib/x86_64-linux-gnu]
  collapse library dir [/lib/../lib] ==> [/lib]
  collapse library dir [/usr/lib/x86_64-linux-gnu] ==> [/usr/lib/x86_64-linux-gnu]
  collapse library dir [/usr/lib/../lib] ==> [/usr/lib]
  collapse library dir [/usr/lib/gcc/x86_64-linux-gnu/12/../../..] ==> [/usr/lib]
  implicit libs: [gcc;gcc_s;c;gcc;gcc_s]
  implicit objs: [/usr/lib/x86_64-linux-gnu/Scrt1.o;/usr/lib/x86_64-linux-gnu/crti.o;/usr/lib/gcc/x86_64-linux-gnu/12/crtbeginS.o;/usr/lib/gcc/x86_64-linux-gnu/12/crtendS.o;/usr/lib/x86_64-linux-gnu/crtn.o]
  implicit dirs: [/usr/lib/gcc/x86_64-linux-gnu/12;/usr/lib/x86_64-linux-gnu;/usr/lib;/lib/x86_64-linux-gnu;/lib]
  implicit fwks: []


Detecting CXX compiler ABI info compiled with the following output:
Change Dir: /home/xerox1/Documents/GitHub/stat_viewer/system_stats/target/debug/build/fltk-sys-9a1639c2616ca500/out/build/CMakeFiles/CMakeScratch/TryCompile-bH9kX0

Run Build Command(s):/usr/bin/gmake -f Makefile cmTC_38c35/fast && /usr/bin/gmake  -f CMakeFiles/cmTC_38c35.dir/build.make CMakeFiles/cmTC_38c35.dir/build
gmake[1]: Entering directory '/home/xerox1/Documents/GitHub/stat_viewer/system_stats/target/debug/build/fltk-sys-9a1639c2616ca500/out/build/CMakeFiles/CMakeScratch/TryCompile-bH9kX0'
Building CXX object CMakeFiles/cmTC_38c35.dir/CMakeCXXCompilerABI.cpp.o
/usr/bin/c++   -ffunction-sections -fdata-sections -fPIC -m64    -v -o CMakeFiles/cmTC_38c35.dir/CMakeCXXCompilerABI.cpp.o -c /usr/share/cmake-3.25/Modules/CMakeCXXCompilerABI.cpp
Using built-in specs.
COLLECT_GCC=/usr/bin/c++
OFFLOAD_TARGET_NAMES=nvptx-none:amdgcn-amdhsa
OFFLOAD_TARGET_DEFAULT=1
Target: x86_64-linux-gnu
Configured with: ../src/configure -v --with-pkgversion='Debian 12.2.0-14' --with-bugurl=file:///usr/share/doc/gcc-12/README.Bugs --enable-languages=c,ada,c++,go,d,fortran,objc,obj-c++,m2 --prefix=/usr --with-gcc-major-version-only --program-suffix=-12 --program-prefix=x86_64-linux-gnu- --enable-shared --enable-linker-build-id --libexecdir=/usr/lib --without-included-gettext --enable-threads=posix --libdir=/usr/lib --enable-nls --enable-clocale=gnu --enable-libstdcxx-debug --enable-libstdcxx-time=yes --with-default-libstdcxx-abi=new --enable-gnu-unique-object --disable-vtable-verify --enable-plugin --enable-default-pie --with-system-zlib --enable-libphobos-checking=release --with-target-system-zlib=auto --enable-objc-gc=auto --enable-multiarch --disable-werror --enable-cet --with-arch-32=i686 --with-abi=m64 --with-multilib-list=m32,m64,mx32 --enable-multilib --with-tune=generic --enable-offload-targets=nvptx-none=/build/gcc-12-bTRWOB/gcc-12-12.2.0/debian/tmp-nvptx/usr,amdgcn-amdhsa=/build/gcc-12-bTRWOB/gcc-12-12.2.0/debian/tmp-gcn/usr --enable-offload-defaulted --without-cuda-driver --enable-checking=release --build=x86_64-linux-gnu --host=x86_64-linux-gnu --target=x86_64-linux-gnu
Thread model: posix
Supported LTO compression algorithms: zlib zstd
gcc version 12.2.0 (Debian 12.2.0-14) 
COLLECT_GCC_OPTIONS='-ffunction-sections' '-fdata-sections' '-fPIC' '-m64' '-v' '-o' 'CMakeFiles/cmTC_38c35.dir/CMakeCXXCompilerABI.cpp.o' '-c' '-shared-libgcc' '-mtune=generic' '-march=x86-64' '-dumpdir' 'CMakeFiles/cmTC_38c35.dir/'
 /usr/lib/gcc/x86_64-linux-gnu/12/cc1plus -quiet -v -imultiarch x86_64-linux-gnu -D_GNU_SOURCE /usr/share/cmake-3.25/Modules/CMakeCXXCompilerABI.cpp -quiet -dumpdir CMakeFiles/cmTC_38c35.dir/ -dumpbase CMakeCXXCompilerABI.cpp.cpp -dumpbase-ext .cpp -m64 -mtune=generic -march=x86-64 -version -ffunction-sections -fdata-sections -fPIC -fasynchronous-unwind-tables -o /tmp/ccqOuvBG.s
GNU C++17 (Debian 12.2.0-14) version 12.2.0 (x86_64-linux-gnu)
	compiled by GNU C version 12.2.0, GMP version 6.2.1, MPFR version 4.1.1-p1, MPC version 1.3.1, isl version isl-0.25-GMP

warning: MPFR header version 4.1.1-p1 differs from library version 4.2.0.
GGC heuristics: --param ggc-min-expand=100 --param ggc-min-heapsize=131072
ignoring duplicate directory "/usr/include/x86_64-linux-gnu/c++/12"
ignoring nonexistent directory "/usr/local/include/x86_64-linux-gnu"
ignoring nonexistent directory "/usr/lib/gcc/x86_64-linux-gnu/12/include-fixed"
ignoring nonexistent directory "/usr/lib/gcc/x86_64-linux-gnu/12/../../../../x86_64-linux-gnu/include"
#include "..." search starts here:
#include <...> search starts here:
 /usr/include/c++/12
 /usr/include/x86_64-linux-gnu/c++/12
 /usr/include/c++/12/backward
 /usr/lib/gcc/x86_64-linux-gnu/12/include
 /usr/local/include
 /usr/include/x86_64-linux-gnu
 /usr/include
End of search list.
GNU C++17 (Debian 12.2.0-14) version 12.2.0 (x86_64-linux-gnu)
	compiled by GNU C version 12.2.0, GMP version 6.2.1, MPFR version 4.1.1-p1, MPC version 1.3.1, isl version isl-0.25-GMP

warning: MPFR header version 4.1.1-p1 differs from library version 4.2.0.
GGC heuristics: --param ggc-min-expand=100 --param ggc-min-heapsize=131072
Compiler executable checksum: 62b090dbbefa50644117a3c13d47369a
COLLECT_GCC_OPTIONS='-ffunction-sections' '-fdata-sections' '-fPIC' '-m64' '-v' '-o' 'CMakeFiles/cmTC_38c35.dir/CMakeCXXCompilerABI.cpp.o' '-c' '-shared-libgcc' '-mtune=generic' '-march=x86-64' '-dumpdir' 'CMakeFiles/cmTC_38c35.dir/'
 as -v --64 -o CMakeFiles/cmTC_38c35.dir/CMakeCXXCompilerABI.cpp.o /tmp/ccqOuvBG.s
GNU assembler version 2.40 (x86_64-linux-gnu) using BFD version (GNU Binutils for Debian) 2.40
COMPILER_PATH=/usr/lib/gcc/x86_64-linux-gnu/12/:/usr/lib/gcc/x86_64-linux-gnu/12/:/usr/lib/gcc/x86_64-linux-gnu/:/usr/lib/gcc/x86_64-linux-gnu/12/:/usr/lib/gcc/x86_64-linux-gnu/
LIBRARY_PATH=/usr/lib/gcc/x86_64-linux-gnu/12/:/usr/lib/gcc/x86_64-linux-gnu/12/../../../x86_64-linux-gnu/:/usr/lib/gcc/x86_64-linux-gnu/12/../../../../lib/:/lib/x86_64-linux-gnu/:/lib/../lib/:/usr/lib/x86_64-linux-gnu/:/usr/lib/../lib/:/usr/lib/gcc/x86_64-linux-gnu/12/../../../:/lib/:/usr/lib/
COLLECT_GCC_OPTIONS='-ffunction-sections' '-fdata-sections' '-fPIC' '-m64' '-v' '-o' 'CMakeFiles/cmTC_38c35.dir/CMakeCXXCompilerABI.cpp.o' '-c' '-shared-libgcc' '-mtune=generic' '-march=x86-64' '-dumpdir' 'CMakeFiles/cmTC_38c35.dir/CMakeCXXCompilerABI.cpp.'
Linking CXX executable cmTC_38c35
/usr/bin/cmake -E cmake_link_script CMakeFiles/cmTC_38c35.dir/link.txt --verbose=1
/usr/bin/c++  -ffunction-sections -fdata-sections -fPIC -m64   -v -rdynamic CMakeFiles/cmTC_38c35.dir/CMakeCXXCompilerABI.cpp.o -o cmTC_38c35 
Using built-in specs.
COLLECT_GCC=/usr/bin/c++
COLLECT_LTO_WRAPPER=/usr/lib/gcc/x86_64-linux-gnu/12/lto-wrapper
OFFLOAD_TARGET_NAMES=nvptx-none:amdgcn-amdhsa
OFFLOAD_TARGET_DEFAULT=1
Target: x86_64-linux-gnu
Configured with: ../src/configure -v --with-pkgversion='Debian 12.2.0-14' --with-bugurl=file:///usr/share/doc/gcc-12/README.Bugs --enable-languages=c,ada,c++,go,d,fortran,objc,obj-c++,m2 --prefix=/usr --with-gcc-major-version-only --program-suffix=-12 --program-prefix=x86_64-linux-gnu- --enable-shared --enable-linker-build-id --libexecdir=/usr/lib --without-included-gettext --enable-threads=posix --libdir=/usr/lib --enable-nls --enable-clocale=gnu --enable-libstdcxx-debug --enable-libstdcxx-time=yes --with-default-libstdcxx-abi=new --enable-gnu-unique-object --disable-vtable-verify --enable-plugin --enable-default-pie --with-system-zlib --enable-libphobos-checking=release --with-target-system-zlib=auto --enable-objc-gc=auto --enable-multiarch --disable-werror --enable-cet --with-arch-32=i686 --with-abi=m64 --with-multilib-list=m32,m64,mx32 --enable-multilib --with-tune=generic --enable-offload-targets=nvptx-none=/build/gcc-12-bTRWOB/gcc-12-12.2.0/debian/tmp-nvptx/usr,amdgcn-amdhsa=/build/gcc-12-bTRWOB/gcc-12-12.2.0/debian/tmp-gcn/usr --enable-offload-defaulted --without-cuda-driver --enable-checking=release --build=x86_64-linux-gnu --host=x86_64-linux-gnu --target=x86_64-linux-gnu
Thread model: posix
Supported LTO compression algorithms: zlib zstd
gcc version 12.2.0 (Debian 12.2.0-14) 
COMPILER_PATH=/usr/lib/gcc/x86_64-linux-gnu/12/:/usr/lib/gcc/x86_64-linux-gnu/12/:/usr/lib/gcc/x86_64-linux-gnu/:/usr/lib/gcc/x86_64-linux-gnu/12/:/usr/lib/gcc/x86_64-linux-gnu/
LIBRARY_PATH=/usr/lib/gcc/x86_64-linux-gnu/12/:/usr/lib/gcc/x86_64-linux-gnu/12/../../../x86_64-linux-gnu/:/usr/lib/gcc/x86_64-linux-gnu/12/../../../../lib/:/lib/x86_64-linux-gnu/:/lib/../lib/:/usr/lib/x86_64-linux-gnu/:/usr/lib/../lib/:/usr/lib/gcc/x86_64-linux-gnu/12/../../../:/lib/:/usr/lib/
COLLECT_GCC_OPTIONS='-ffunction-sections' '-fdata-sections' '-fPIC' '-m64' '-v' '-rdynamic' '-o' 'cmTC_38c35' '-shared-libgcc' '-mtune=generic' '-march=x86-64' '-dumpdir' 'cmTC_38c35.'
 /usr/lib/gcc/x86_64-linux-gnu/12/collect2 -plugin /usr/lib/gcc/x86_64-linux-gnu/12/liblto_plugin.so -plugin-opt=/usr/lib/gcc/x86_64-linux-gnu/12/lto-wrapper -plugin-opt=-fresolution=/tmp/cck1ShOR.res -plugin-opt=-pass-through=-lgcc_s -plugin-opt=-pass-through=-lgcc -plugin-opt=-pass-through=-lc -plugin-opt=-pass-through=-lgcc_s -plugin-opt=-pass-through=-lgcc --build-id --eh-frame-hdr -m elf_x86_64 --hash-style=gnu --as-needed -export-dynamic -dynamic-linker /lib64/ld-linux-x86-64.so.2 -pie -o cmTC_38c35 /usr/lib/gcc/x86_64-linux-gnu/12/../../../x86_64-linux-gnu/Scrt1.o /usr/lib/gcc/x86_64-linux-gnu/12/../../../x86_64-linux-gnu/crti.o /usr/lib/gcc/x86_64-linux-gnu/12/crtbeginS.o -L/usr/lib/gcc/x86_64-linux-gnu/12 -L/usr/lib/gcc/x86_64-linux-gnu/12/../../../x86_64-linux-gnu -L/usr/lib/gcc/x86_64-linux-gnu/12/../../../../lib -L/lib/x86_64-linux-gnu -L/lib/../lib -L/usr/lib/x86_64-linux-gnu -L/usr/lib/../lib -L/usr/lib/gcc/x86_64-linux-gnu/12/../../.. CMakeFiles/cmTC_38c35.dir/CMakeCXXCompilerABI.cpp.o -lstdc++ -lm -lgcc_s -lgcc -lc -lgcc_s -lgcc /usr/lib/gcc/x86_64-linux-gnu/12/crtendS.o /usr/lib/gcc/x86_64-linux-gnu/12/../../../x86_64-linux-gnu/crtn.o
COLLECT_GCC_OPTIONS='-ffunction-sections' '-fdata-sections' '-fPIC' '-m64' '-v' '-rdynamic' '-o' 'cmTC_38c35' '-shared-libgcc' '-mtune=generic' '-march=x86-64' '-dumpdir' 'cmTC_38c35.'
gmake[1]: Leaving directory '/home/xerox1/Documents/GitHub/stat_viewer/system_stats/target/debug/build/fltk-sys-9a1639c2616ca500/out/build/CMakeFiles/CMakeScratch/TryCompile-bH9kX0'



Parsed CXX implicit include dir info from above output: rv=done
  found start of include info
  found start of implicit include info
    add: [/usr/include/c++/12]
    add: [/usr/include/x86_64-linux-gnu/c++/12]
    add: [/usr/include/c++/12/backward]
    add: [/usr/lib/gcc/x86_64-linux-gnu/12/include]
    add: [/usr/local/include]
    add: [/usr/include/x86_64-linux-gnu]
    add: [/usr/include]
  end of search list found
  collapse include dir [/usr/include/c++/12] ==> [/usr/include/c++/12]
  collapse include dir [/usr/include/x86_64-linux-gnu/c++/12] ==> [/usr/include/x86_64-linux-gnu/c++/12]
  collapse include dir [/usr/include/c++/12/backward] ==> [/usr/include/c++/12/backward]
  collapse include dir [/usr/lib/gcc/x86_64-linux-gnu/12/include] ==> [/usr/lib/gcc/x86_64-linux-gnu/12/include]
  collapse include dir [/usr/local/include] ==> [/usr/local/include]
  collapse include dir [/usr/include/x86_64-linux-gnu] ==> [/usr/include/x86_64-linux-gnu]
  collapse include dir [/usr/include] ==> [/usr/include]
  implicit include dirs: [/usr/include/c++/12;/usr/include/x86_64-linux-gnu/c++/12;/usr/include/c++/12/backward;/usr/lib/gcc/x86_64-linux-gnu/12/include;/usr/local/include;/usr/include/x86_64-linux-gnu;/usr/include]


Parsed CXX implicit link information from above output:
  link line regex: [^( *|.*[/\])(ld|CMAKE_LINK_STARTFILE-NOTFOUND|([^/\]+-)?ld|collect2)[^/\]*( |$)]
  ignore line: [Change Dir: /home/xerox1/Documents/GitHub/stat_viewer/system_stats/target/debug/build/fltk-sys-9a1639c2616ca500/out/build/CMakeFiles/CMakeScratch/TryCompile-bH9kX0]
  ignore line: []
  ignore line: [Run Build Command(s):/usr/bin/gmake -f Makefile cmTC_38c35/fast && /usr/bin/gmake  -f CMakeFiles/cmTC_38c35.dir/build.make CMakeFiles/cmTC_38c35.dir/build]
  ignore line: [gmake[1]: Entering directory '/home/xerox1/Documents/GitHub/stat_viewer/system_stats/target/debug/build/fltk-sys-9a1639c2616ca500/out/build/CMakeFiles/CMakeScratch/TryCompile-bH9kX0']
  ignore line: [Building CXX object CMakeFiles/cmTC_38c35.dir/CMakeCXXCompilerABI.cpp.o]
  ignore line: [/usr/bin/c++   -ffunction-sections -fdata-sections -fPIC -m64    -v -o CMakeFiles/cmTC_38c35.dir/CMakeCXXCompilerABI.cpp.o -c /usr/share/cmake-3.25/Modules/CMakeCXXCompilerABI.cpp]
  ignore line: [Using built-in specs.]
  ignore line: [COLLECT_GCC=/usr/bin/c++]
  ignore line: [OFFLOAD_TARGET_NAMES=nvptx-none:amdgcn-amdhsa]
  ignore line: [OFFLOAD_TARGET_DEFAULT=1]
  ignore line: [Target: x86_64-linux-gnu]
  ignore line: [Configured with: ../src/configure -v --with-pkgversion='Debian 12.2.0-14' --with-bugurl=file:///usr/share/doc/gcc-12/README.Bugs --enable-languages=c ada c++ go d fortran objc obj-c++ m2 --prefix=/usr --with-gcc-major-version-only --program-suffix=-12 --program-prefix=x86_64-linux-gnu- --enable-shared --enable-linker-build-id --libexecdir=/usr/lib --without-included-gettext --enable-threads=posix --libdir=/usr/lib --enable-nls --enable-clocale=gnu --enable-libstdcxx-debug --enable-libstdcxx-time=yes --with-default-libstdcxx-abi=new --enable-gnu-unique-object --disable-vtable-verify --enable-plugin --enable-default-pie --with-system-zlib --enable-libphobos-checking=release --with-target-system-zlib=auto --enable-objc-gc=auto --enable-multiarch --disable-werror --enable-cet --with-arch-32=i686 --with-abi=m64 --with-multilib-list=m32 m64 mx32 --enable-multilib --with-tune=generic --enable-offload-targets=nvptx-none=/build/gcc-12-bTRWOB/gcc-12-12.2.0/debian/tmp-nvptx/usr amdgcn-amdhsa=/build/gcc-12-bTRWOB/gcc-12-12.2.0/debian/tmp-gcn/usr --enable-offload-defaulted --without-cuda-driver --enable-checking=release --build=x86_64-linux-gnu --host=x86_64-linux-gnu --target=x86_64-linux-gnu]
  ignore line: [Thread model: posix]
  ignore line: [Supported LTO compression algorithms: zlib zstd]
  ignore line: [gcc version 12.2.0 (Debian 12.2.0-14) ]
  ignore line: [COLLECT_GCC_OPTIONS='-ffunction-sections' '-fdata-sections' '-fPIC' '-m64' '-v' '-o' 'CMakeFiles/cmTC_38c35.dir/CMakeCXXCompilerABI.cpp.o' '-c' '-shared-libgcc' '-mtune=generic' '-march=x86-64' '-dumpdir' 'CMakeFiles/cmTC_38c35.dir/']
  ignore line: [ /usr/lib/gcc/x86_64-linux-gnu/12/cc1plus -quiet -v -imultiarch x86_64-linux-gnu -D_GNU_SOURCE /usr/share/cmake-3.25/Modules/CMakeCXXCompilerABI.cpp -quiet -dumpdir CMakeFiles/cmTC_38c35.dir/ -dumpbase CMakeCXXCompilerABI.cpp.cpp -dumpbase-ext .cpp -m64 -mtune=generic -march=x86-64 -version -ffunction-sections -fdata-sections -fPIC -fasynchronous-unwind-tables -o /tmp/ccqOuvBG.s]
  ignore line: [GNU C++17 (Debian 12.2.0-14) version 12.2.0 (x86_64-linux-gnu)]
  ignore line: [	compiled by GNU C version 12.2.0  GMP version 6.2.1  MPFR version 4.1.1-p1  MPC version 1.3.1  isl version isl-0.25-GMP]
  ignore line: []
  ignore line: [warning: MPFR header version 4.1.1-p1 differs from library version 4.2.0.]
  ignore line: [GGC heuristics: --param ggc-min-expand=100 --param ggc-min-heapsize=131072]
  ignore line: [ignoring duplicate directory "/usr/include/x86_64-linux-gnu/c++/12"]
  ignore line: [ignoring nonexistent directory "/usr/local/include/x86_64-linux-gnu"]
  ignore line: [ignoring nonexistent directory "/usr/lib/gcc/x86_64-linux-gnu/12/include-fixed"]
  ignore line: [ignoring nonexistent directory "/usr/lib/gcc/x86_64-linux-gnu/12/../../../../x86_64-linux-gnu/include"]
  ignore line: [#include "..." search starts here:]
  ignore line: [#include <...> search starts here:]
  ignore line: [ /usr/include/c++/12]
  ignore line: [ /usr/include/x86_64-linux-gnu/c++/12]
  ignore line: [ /usr/include/c++/12/backward]
  ignore line: [ /usr/lib/gcc/x86_64-linux-gnu/12/include]
  ignore line: [ /usr/local/include]
  ignore line: [ /usr/include/x86_64-linux-gnu]
  ignore line: [ /usr/include]
  ignore line: [End of search list.]
  ignore line: [GNU C++17 (Debian 12.2.0-14) version 12.2.0 (x86_64-linux-gnu)]
  ignore line: [	compiled by GNU C version 12.2.0  GMP version 6.2.1  MPFR version 4.1.1-p1  MPC version 1.3.1  isl version isl-0.25-GMP]
  ignore line: []
  ignore line: [warning: MPFR header version 4.1.1-p1 differs from library version 4.2.0.]
  ignore line: [GGC heuristics: --param ggc-min-expand=100 --param ggc-min-heapsize=131072]
  ignore line: [Compiler executable checksum: 62b090dbbefa50644117a3c13d47369a]
  ignore line: [COLLECT_GCC_OPTIONS='-ffunction-sections' '-fdata-sections' '-fPIC' '-m64' '-v' '-o' 'CMakeFiles/cmTC_38c35.dir/CMakeCXXCompilerABI.cpp.o' '-c' '-shared-libgcc' '-mtune=generic' '-march=x86-64' '-dumpdir' 'CMakeFiles/cmTC_38c35.dir/']
  ignore line: [ as -v --64 -o CMakeFiles/cmTC_38c35.dir/CMakeCXXCompilerABI.cpp.o /tmp/ccqOuvBG.s]
  ignore line: [GNU assembler version 2.40 (x86_64-linux-gnu) using BFD version (GNU Binutils for Debian) 2.40]
  ignore line: [COMPILER_PATH=/usr/lib/gcc/x86_64-linux-gnu/12/:/usr/lib/gcc/x86_64-linux-gnu/12/:/usr/lib/gcc/x86_64-linux-gnu/:/usr/lib/gcc/x86_64-linux-gnu/12/:/usr/lib/gcc/x86_64-linux-gnu/]
  ignore line: [LIBRARY_PATH=/usr/lib/gcc/x86_64-linux-gnu/12/:/usr/lib/gcc/x86_64-linux-gnu/12/../../../x86_64-linux-gnu/:/usr/lib/gcc/x86_64-linux-gnu/12/../../../../lib/:/lib/x86_64-linux-gnu/:/lib/../lib/:/usr/lib/x86_64-linux-gnu/:/usr/lib/../lib/:/usr/lib/gcc/x86_64-linux-gnu/12/../../../:/lib/:/usr/lib/]
  ignore line: [COLLECT_GCC_OPTIONS='-ffunction-sections' '-fdata-sections' '-fPIC' '-m64' '-v' '-o' 'CMakeFiles/cmTC_38c35.dir/CMakeCXXCompilerABI.cpp.o' '-c' '-shared-libgcc' '-mtune=generic' '-march=x86-64' '-dumpdir' 'CMakeFiles/cmTC_38c35.dir/CMakeCXXCompilerABI.cpp.']
  ignore line: [Linking CXX executable cmTC_38c35]
  ignore line: [/usr/bin/cmake -E cmake_link_script CMakeFiles/cmTC_38c35.dir/link.txt --verbose=1]
  ignore line: [/usr/bin/c++  -ffunction-sections -fdata-sections -fPIC -m64   -v -rdynamic CMakeFiles/cmTC_38c35.dir/CMakeCXXCompilerABI.cpp.o -o cmTC_38c35 ]
  ignore line: [Using built-in specs.]
  ignore line: [COLLECT_GCC=/usr/bin/c++]
  ignore line: [COLLECT_LTO_WRAPPER=/usr/lib/gcc/x86_64-linux-gnu/12/lto-wrapper]
  ignore line: [OFFLOAD_TARGET_NAMES=nvptx-none:amdgcn-amdhsa]
  ignore line: [OFFLOAD_TARGET_DEFAULT=1]
  ignore line: [Target: x86_64-linux-gnu]
  ignore line: [Configured with: ../src/configure -v --with-pkgversion='Debian 12.2.0-14' --with-bugurl=file:///usr/share/doc/gcc-12/README.Bugs --enable-languages=c ada c++ go d fortran objc obj-c++ m2 --prefix=/usr --with-gcc-major-version-only --program-suffix=-12 --program-prefix=x86_64-linux-gnu- --enable-shared --enable-linker-build-id --libexecdir=/usr/lib --without-included-gettext --enable-threads=posix --libdir=/usr/lib --enable-nls --enable-clocale=gnu --enable-libstdcxx-debug --enable-libstdcxx-time=yes --with-default-libstdcxx-abi=new --enable-gnu-unique-object --disable-vtable-verify --enable-plugin --enable-default-pie --with-system-zlib --enable-libphobos-checking=release --with-target-system-zlib=auto --enable-objc-gc=auto --enable-multiarch --disable-werror --enable-cet --with-arch-32=i686 --with-abi=m64 --with-multilib-list=m32 m64 mx32 --enable-multilib --with-tune=generic --enable-offload-targets=nvptx-none=/build/gcc-12-bTRWOB/gcc-12-12.2.0/debian/tmp-nvptx/usr amdgcn-amdhsa=/build/gcc-12-bTRWOB/gcc-12-12.2.0/debian/tmp-gcn/usr --enable-offload-defaulted --without-cuda-driver --enable-checking=release --build=x86_64-linux-gnu --host=x86_64-linux-gnu --target=x86_64-linux-gnu]
  ignore line: [Thread model: posix]
  ignore line: [Supported LTO compression algorithms: zlib zstd]
  ignore line: [gcc version 12.2.0 (Debian 12.2.0-14) ]
  ignore line: [COMPILER_PATH=/usr/lib/gcc/x86_64-linux-gnu/12/:/usr/lib/gcc/x86_64-linux-gnu/12/:/usr/lib/gcc/x86_64-linux-gnu/:/usr/lib/gcc/x86_64-linux-gnu/12/:/usr/lib/gcc/x86_64-linux-gnu/]
  ignore line: [LIBRARY_PATH=/usr/lib/gcc/x86_64-linux-gnu/12/:/usr/lib/gcc/x86_64-linux-gnu/12/../../../x86_64-linux-gnu/:/usr/lib/gcc/x86_64-linux-gnu/12/../../../../lib/:/lib/x86_64-linux-gnu/:/lib/../lib/:/usr/lib/x86_64-linux-gnu/:/usr/lib/../lib/:/usr/lib/gcc/x86_64-linux-gnu/12/../../../:/lib/:/usr/lib/]
  ignore line: [COLLECT_GCC_OPTIONS='-ffunction-sections' '-fdata-sections' '-fPIC' '-m64' '-v' '-rdynamic' '-o' 'cmTC_38c35' '-shared-libgcc' '-mtune=generic' '-march=x86-64' '-dumpdir' 'cmTC_38c35.']
  link line: [ /usr/lib/gcc/x86_64-linux-gnu/12/collect2 -plugin /usr/lib/gcc/x86_64-linux-gnu/12/liblto_plugin.so -plugin-opt=/usr/lib/gcc/x86_64-linux-gnu/12/lto-wrapper -plugin-opt=-fresolution=/tmp/cck1ShOR.res -plugin-opt=-pass-through=-lgcc_s -plugin-opt=-pass-through=-lgcc -plugin-opt=-pass-through=-lc -plugin-opt=-pass-through=-lgcc_s -plugin-opt=-pass-through=-lgcc --build-id --eh-frame-hdr -m elf_x86_64 --hash-style=gnu --as-needed -export-dynamic -dynamic-linker /lib64/ld-linux-x86-64.so.2 -pie -o cmTC_38c35 /usr/lib/gcc/x86_64-linux-gnu/12/../../../x86_64-linux-gnu/Scrt1.o /usr/lib/gcc/x86_64-linux-gnu/12/../../../x86_64-linux-gnu/crti.o /usr/lib/gcc/x86_64-linux-gnu/12/crtbeginS.o -L/usr/lib/gcc/x86_64-linux-gnu/12 -L/usr/lib/gcc/x86_64-linux-gnu/12/../../../x86_64-linux-gnu -L/usr/lib/gcc/x86_64-linux-gnu/12/../../../../lib -L/lib/x86_64-linux-gnu -L/lib/../lib -L/usr/lib/x86_64-linux-gnu -L/usr/lib/../lib -L/usr/lib/gcc/x86_64-linux-gnu/12/../../.. CMakeFiles/cmTC_38c35.dir/CMakeCXXCompilerABI.cpp.o -lstdc++ -lm -lgcc_s -lgcc -lc -lgcc_s -lgcc /usr/lib/gcc/x86_64-linux-gnu/12/crtendS.o /usr/lib/gcc/x86_64-linux-gnu/12/../../../x86_64-linux-gnu/crtn.o]
    arg [/usr/lib/gcc/x86_64-linux-gnu/12/collect2] ==> ignore
    arg [-plugin] ==> ignore
    arg [/usr/lib/gcc/x86_64-linux-gnu/12/liblto_plugin.so] ==> ignore
    arg [-plugin-opt=/usr/lib/gcc/x86_64-linux-gnu/12/lto-wrapper] ==> ignore
    arg [-plugin-opt=-fresolution=/tmp/cck1ShOR.res] ==> ignore
    arg [-plugin-opt=-pass-through=-lgcc_s] ==> ignore
    arg [-plugin-opt=-pass-through=-lgcc] ==> ignore
    arg [-plugin-opt=-pass-through=-lc] ==> ignore
    arg [-plugin-opt=-pass-through=-lgcc_s] ==> ignore
    arg [-plugin-opt=-pass-through=-lgcc] ==> ignore
    arg [--build-id] ==> ignore
    arg [--eh-frame-hdr] ==> ignore
    arg [-m] ==> ignore
    arg [elf_x86_64] ==> ignore
    arg [--hash-style=gnu] ==> ignore
    arg [--as-needed] ==> ignore
    arg [-export-dynamic] ==> ignore
    arg [-dynamic-linker] ==> ignore
    arg [/lib64/ld-linux-x86-64.so.2] ==> ignore
    arg [-pie] ==> ignore
    arg [-o] ==> ignore
    arg [cmTC_38c35] ==> ignore
    arg [/usr/lib/gcc/x86_64-linux-gnu/12/../../../x86_64-linux-gnu/Scrt1.o] ==> obj [/usr/lib/gcc/x86_64-linux-gnu/12/../../../x86_64-linux-gnu/Scrt1.o]
    arg [/usr/lib/gcc/x86_64-linux-gnu/12/../../../x86_64-linux-gnu/crti.o] ==> obj [/usr/lib/gcc/x86_64-linux-gnu/12/../../../x86_64-linux-gnu/crti.o]
    arg [/usr/lib/gcc/x86_64-linux-gnu/12/crtbeginS.o] ==> obj [/usr/lib/gcc/x86_64-linux-gnu/12/crtbeginS.o]
    arg [-L/usr/lib/gcc/x86_64-linux-gnu/12] ==> dir [/usr/lib/gcc/x86_64-linux-gnu/12]
    arg [-L/usr/lib/gcc/x86_64-linux-gnu/12/../../../x86_64-linux-gnu] ==> dir [/usr/lib/gcc/x86_64-linux-gnu/12/../../../x86_64-linux-gnu]
    arg [-L/usr/lib/gcc/x86_64-linux-gnu/12/../../../../lib] ==> dir [/usr/lib/gcc/x86_64-linux-gnu/12/../../../../lib]
    arg [-L/lib/x86_64-linux-gnu] ==> dir [/lib/x86_64-linux-gnu]
    arg [-L/lib/../lib] ==> dir [/lib/../lib]
    arg [-L/usr/lib/x86_64-linux-gnu] ==> dir [/usr/lib/x86_64-linux-gnu]
    arg [-L/usr/lib/../lib] ==> dir [/usr/lib/../lib]
    arg [-L/usr/lib/gcc/x86_64-linux-gnu/12/../../..] ==> dir [/usr/lib/gcc/x86_64-linux-gnu/12/../../..]
    arg [CMakeFiles/cmTC_38c35.dir/CMakeCXXCompilerABI.cpp.o] ==> ignore
    arg [-lstdc++] ==> lib [stdc++]
    arg [-lm] ==> lib [m]
    arg [-lgcc_s] ==> lib [gcc_s]
    arg [-lgcc] ==> lib [gcc]
    arg [-lc] ==> lib [c]
    arg [-lgcc_s] ==> lib [gcc_s]
    arg [-lgcc] ==> lib [gcc]
    arg [/usr/lib/gcc/x86_64-linux-gnu/12/crtendS.o] ==> obj [/usr/lib/gcc/x86_64-linux-gnu/12/crtendS.o]
    arg [/usr/lib/gcc/x86_64-linux-gnu/12/../../../x86_64-linux-gnu/crtn.o] ==> obj [/usr/lib/gcc/x86_64-linux-gnu/12/../../../x86_64-linux-gnu/crtn.o]
  collapse obj [/usr/lib/gcc/x86_64-linux-gnu/12/../../../x86_64-linux-gnu/Scrt1.o] ==> [/usr/lib/x86_64-linux-gnu/Scrt1.o]
  collapse obj [/usr/lib/gcc/x86_64-linux-gnu/12/../../../x86_64-linux-gnu/crti.o] ==> [/usr/lib/x86_64-linux-gnu/crti.o]
  collapse obj [/usr/lib/gcc/x86_64-linux-gnu/12/../../../x86_64-linux-gnu/crtn.o] ==> [/usr/lib/x86_64-linux-gnu/crtn.o]
  collapse library dir [/usr/lib/gcc/x86_64-linux-gnu/12] ==> [/usr/lib/gcc/x86_64-linux-gnu/12]
  collapse library dir [/usr/lib/gcc/x86_64-linux-gnu/12/../../../x86_64-linux-gnu] ==> [/usr/lib/x86_64-linux-gnu]
  collapse library dir [/usr/lib/gcc/x86_64-linux-gnu/12/../../../../lib] ==> [/usr/lib]
  collapse library dir [/lib/x86_64-linux-gnu] ==> [/lib/x86_64-linux-gnu]
  collapse library dir [/lib/../lib] ==> [/lib]
  collapse library dir [/usr/lib/x86_64-linux-gnu] ==> [/usr/lib/x86_64-linux-gnu]
  collapse library dir [/usr/lib/../lib] ==> [/usr/lib]
  collapse library dir [/usr/lib/gcc/x86_64-linux-gnu/12/../../..] ==> [/usr/lib]
  implicit libs: [stdc++;m;gcc_s;gcc;c;gcc_s;gcc]
  implicit objs: [/usr/lib/x86_64-linux-gnu/Scrt1.o;/usr/lib/x86_64-linux-gnu/crti.o;/usr/lib/gcc/x86_64-linux-gnu/12/crtbeginS.o;/usr/lib/gcc/x86_64-linux-gnu/12/crtendS.o;/usr/lib/x86_64-linux-gnu/crtn.o]
  implicit dirs: [/usr/lib/gcc/x86_64-linux-gnu/12;/usr/lib/x86_64-linux-gnu;/usr/lib;/lib/x86_64-linux-gnu;/lib]
  implicit fwks: []


Determining if the include file sys/types.h exists passed with the following output:
Change Dir: /home/xerox1/Documents/GitHub/stat_viewer/system_stats/target/debug/build/fltk-sys-9a1639c2616ca500/out/build/CMakeFiles/CMakeScratch/TryCompile-Q9bfK2

Run Build Command(s):/usr/bin/gmake -f Makefile cmTC_b7ddb/fast && /usr/bin/gmake  -f CMakeFiles/cmTC_b7ddb.dir/build.make CMakeFiles/cmTC_b7ddb.dir/build
gmake[1]: Entering directory '/home/xerox1/Documents/GitHub/stat_viewer/system_stats/target/debug/build/fltk-sys-9a1639c2616ca500/out/build/CMakeFiles/CMakeScratch/TryCompile-Q9bfK2'
Building C object CMakeFiles/cmTC_b7ddb.dir/CheckIncludeFile.c.o
/usr/bin/cc   -ffunction-sections -fdata-sections -fPIC -m64  -o CMakeFiles/cmTC_b7ddb.dir/CheckIncludeFile.c.o -c /home/xerox1/Documents/GitHub/stat_viewer/system_stats/target/debug/build/fltk-sys-9a1639c2616ca500/out/build/CMakeFiles/CMakeScratch/TryCompile-Q9bfK2/CheckIncludeFile.c
Linking C executable cmTC_b7ddb
/usr/bin/cmake -E cmake_link_script CMakeFiles/cmTC_b7ddb.dir/link.txt --verbose=1
/usr/bin/cc  -ffunction-sections -fdata-sections -fPIC -m64  CMakeFiles/cmTC_b7ddb.dir/CheckIncludeFile.c.o -o cmTC_b7ddb 
gmake[1]: Leaving directory '/home/xerox1/Documents/GitHub/stat_viewer/system_stats/target/debug/build/fltk-sys-9a1639c2616ca500/out/build/CMakeFiles/CMakeScratch/TryCompile-Q9bfK2'



Determining if the include file stdint.h exists passed with the following output:
Change Dir: /home/xerox1/Documents/GitHub/stat_viewer/system_stats/target/debug/build/fltk-sys-9a1639c2616ca500/out/build/CMakeFiles/CMakeScratch/TryCompile-RPZhS7

Run Build Command(s):/usr/bin/gmake -f Makefile cmTC_aa64b/fast && /usr/bin/gmake  -f CMakeFiles/cmTC_aa64b.dir/build.make CMakeFiles/cmTC_aa64b.dir/build
gmake[1]: Entering directory '/home/xerox1/Documents/GitHub/stat_viewer/system_stats/target/debug/build/fltk-sys-9a1639c2616ca500/out/build/CMakeFiles/CMakeScratch/TryCompile-RPZhS7'
Building C object CMakeFiles/cmTC_aa64b.dir/CheckIncludeFile.c.o
/usr/bin/cc   -ffunction-sections -fdata-sections -fPIC -m64  -o CMakeFiles/cmTC_aa64b.dir/CheckIncludeFile.c.o -c /home/xerox1/Documents/GitHub/stat_viewer/system_stats/target/debug/build/fltk-sys-9a1639c2616ca500/out/build/CMakeFiles/CMakeScratch/TryCompile-RPZhS7/CheckIncludeFile.c
Linking C executable cmTC_aa64b
/usr/bin/cmake -E cmake_link_script CMakeFiles/cmTC_aa64b.dir/link.txt --verbose=1
/usr/bin/cc  -ffunction-sections -fdata-sections -fPIC -m64  CMakeFiles/cmTC_aa64b.dir/CheckIncludeFile.c.o -o cmTC_aa64b 
gmake[1]: Leaving directory '/home/xerox1/Documents/GitHub/stat_viewer/system_stats/target/debug/build/fltk-sys-9a1639c2616ca500/out/build/CMakeFiles/CMakeScratch/TryCompile-RPZhS7'



Determining if the include file stddef.h exists passed with the following output:
Change Dir: /home/xerox1/Documents/GitHub/stat_viewer/system_stats/target/debug/build/fltk-sys-9a1639c2616ca500/out/build/CMakeFiles/CMakeScratch/TryCompile-twUQt8

Run Build Command(s):/usr/bin/gmake -f Makefile cmTC_4774e/fast && /usr/bin/gmake  -f CMakeFiles/cmTC_4774e.dir/build.make CMakeFiles/cmTC_4774e.dir/build
gmake[1]: Entering directory '/home/xerox1/Documents/GitHub/stat_viewer/system_stats/target/debug/build/fltk-sys-9a1639c2616ca500/out/build/CMakeFiles/CMakeScratch/TryCompile-twUQt8'
Building C object CMakeFiles/cmTC_4774e.dir/CheckIncludeFile.c.o
/usr/bin/cc   -ffunction-sections -fdata-sections -fPIC -m64  -o CMakeFiles/cmTC_4774e.dir/CheckIncludeFile.c.o -c /home/xerox1/Documents/GitHub/stat_viewer/system_stats/target/debug/build/fltk-sys-9a1639c2616ca500/out/build/CMakeFiles/CMakeScratch/TryCompile-twUQt8/CheckIncludeFile.c
Linking C executable cmTC_4774e
/usr/bin/cmake -E cmake_link_script CMakeFiles/cmTC_4774e.dir/link.txt --verbose=1
/usr/bin/cc  -ffunction-sections -fdata-sections -fPIC -m64  CMakeFiles/cmTC_4774e.dir/CheckIncludeFile.c.o -o cmTC_4774e 
gmake[1]: Leaving directory '/home/xerox1/Documents/GitHub/stat_viewer/system_stats/target/debug/build/fltk-sys-9a1639c2616ca500/out/build/CMakeFiles/CMakeScratch/TryCompile-twUQt8'



Determining size of short passed with the following output:
Change Dir: /home/xerox1/Documents/GitHub/stat_viewer/system_stats/target/debug/build/fltk-sys-9a1639c2616ca500/out/build/CMakeFiles/CMakeScratch/TryCompile-sz4AMr

Run Build Command(s):/usr/bin/gmake -f Makefile cmTC_c8aac/fast && /usr/bin/gmake  -f CMakeFiles/cmTC_c8aac.dir/build.make CMakeFiles/cmTC_c8aac.dir/build
gmake[1]: Entering directory '/home/xerox1/Documents/GitHub/stat_viewer/system_stats/target/debug/build/fltk-sys-9a1639c2616ca500/out/build/CMakeFiles/CMakeScratch/TryCompile-sz4AMr'
Building C object CMakeFiles/cmTC_c8aac.dir/SIZEOF_SHORT.c.o
/usr/bin/cc   -ffunction-sections -fdata-sections -fPIC -m64  -o CMakeFiles/cmTC_c8aac.dir/SIZEOF_SHORT.c.o -c /home/xerox1/Documents/GitHub/stat_viewer/system_stats/target/debug/build/fltk-sys-9a1639c2616ca500/out/build/CMakeFiles/CMakeScratch/TryCompile-sz4AMr/SIZEOF_SHORT.c
Linking C executable cmTC_c8aac
/usr/bin/cmake -E cmake_link_script CMakeFiles/cmTC_c8aac.dir/link.txt --verbose=1
/usr/bin/cc  -ffunction-sections -fdata-sections -fPIC -m64  CMakeFiles/cmTC_c8aac.dir/SIZEOF_SHORT.c.o -o cmTC_c8aac 
gmake[1]: Leaving directory '/home/xerox1/Documents/GitHub/stat_viewer/system_stats/target/debug/build/fltk-sys-9a1639c2616ca500/out/build/CMakeFiles/CMakeScratch/TryCompile-sz4AMr'



Determining size of int passed with the following output:
Change Dir: /home/xerox1/Documents/GitHub/stat_viewer/system_stats/target/debug/build/fltk-sys-9a1639c2616ca500/out/build/CMakeFiles/CMakeScratch/TryCompile-KP1JqJ

Run Build Command(s):/usr/bin/gmake -f Makefile cmTC_97ec1/fast && /usr/bin/gmake  -f CMakeFiles/cmTC_97ec1.dir/build.make CMakeFiles/cmTC_97ec1.dir/build
gmake[1]: Entering directory '/home/xerox1/Documents/GitHub/stat_viewer/system_stats/target/debug/build/fltk-sys-9a1639c2616ca500/out/build/CMakeFiles/CMakeScratch/TryCompile-KP1JqJ'
Building C object CMakeFiles/cmTC_97ec1.dir/SIZEOF_INT.c.o
/usr/bin/cc   -ffunction-sections -fdata-sections -fPIC -m64  -o CMakeFiles/cmTC_97ec1.dir/SIZEOF_INT.c.o -c /home/xerox1/Documents/GitHub/stat_viewer/system_stats/target/debug/build/fltk-sys-9a1639c2616ca500/out/build/CMakeFiles/CMakeScratch/TryCompile-KP1JqJ/SIZEOF_INT.c
Linking C executable cmTC_97ec1
/usr/bin/cmake -E cmake_link_script CMakeFiles/cmTC_97ec1.dir/link.txt --verbose=1
/usr/bin/cc  -ffunction-sections -fdata-sections -fPIC -m64  CMakeFiles/cmTC_97ec1.dir/SIZEOF_INT.c.o -o cmTC_97ec1 
gmake[1]: Leaving directory '/home/xerox1/Documents/GitHub/stat_viewer/system_stats/target/debug/build/fltk-sys-9a1639c2616ca500/out/build/CMakeFiles/CMakeScratch/TryCompile-KP1JqJ'



Determining size of long passed with the following output:
Change Dir: /home/xerox1/Documents/GitHub/stat_viewer/system_stats/target/debug/build/fltk-sys-9a1639c2616ca500/out/build/CMakeFiles/CMakeScratch/TryCompile-nU3MLL

Run Build Command(s):/usr/bin/gmake -f Makefile cmTC_d8a34/fast && /usr/bin/gmake  -f CMakeFiles/cmTC_d8a34.dir/build.make CMakeFiles/cmTC_d8a34.dir/build
gmake[1]: Entering directory '/home/xerox1/Documents/GitHub/stat_viewer/system_stats/target/debug/build/fltk-sys-9a1639c2616ca500/out/build/CMakeFiles/CMakeScratch/TryCompile-nU3MLL'
Building C object CMakeFiles/cmTC_d8a34.dir/SIZEOF_LONG.c.o
/usr/bin/cc   -ffunction-sections -fdata-sections -fPIC -m64  -o CMakeFiles/cmTC_d8a34.dir/SIZEOF_LONG.c.o -c /home/xerox1/Documents/GitHub/stat_viewer/system_stats/target/debug/build/fltk-sys-9a1639c2616ca500/out/build/CMakeFiles/CMakeScratch/TryCompile-nU3MLL/SIZEOF_LONG.c
Linking C executable cmTC_d8a34
/usr/bin/cmake -E cmake_link_script CMakeFiles/cmTC_d8a34.dir/link.txt --verbose=1
/usr/bin/cc  -ffunction-sections -fdata-sections -fPIC -m64  CMakeFiles/cmTC_d8a34.dir/SIZEOF_LONG.c.o -o cmTC_d8a34 
gmake[1]: Leaving directory '/home/xerox1/Documents/GitHub/stat_viewer/system_stats/target/debug/build/fltk-sys-9a1639c2616ca500/out/build/CMakeFiles/CMakeScratch/TryCompile-nU3MLL'



Determining size of long long passed with the following output:
Change Dir: /home/xerox1/Documents/GitHub/stat_viewer/system_stats/target/debug/build/fltk-sys-9a1639c2616ca500/out/build/CMakeFiles/CMakeScratch/TryCompile-eDD3Tr

Run Build Command(s):/usr/bin/gmake -f Makefile cmTC_f249e/fast && /usr/bin/gmake  -f CMakeFiles/cmTC_f249e.dir/build.make CMakeFiles/cmTC_f249e.dir/build
gmake[1]: Entering directory '/home/xerox1/Documents/GitHub/stat_viewer/system_stats/target/debug/build/fltk-sys-9a1639c2616ca500/out/build/CMakeFiles/CMakeScratch/TryCompile-eDD3Tr'
Building C object CMakeFiles/cmTC_f249e.dir/HAVE_LONG_LONG.c.o
/usr/bin/cc   -ffunction-sections -fdata-sections -fPIC -m64  -o CMakeFiles/cmTC_f249e.dir/HAVE_LONG_LONG.c.o -c /home/xerox1/Documents/GitHub/stat_viewer/system_stats/target/debug/build/fltk-sys-9a1639c2616ca500/out/build/CMakeFiles/CMakeScratch/TryCompile-eDD3Tr/HAVE_LONG_LONG.c
Linking C executable cmTC_f249e
/usr/bin/cmake -E cmake_link_script CMakeFiles/cmTC_f249e.dir/link.txt --verbose=1
/usr/bin/cc  -ffunction-sections -fdata-sections -fPIC -m64  CMakeFiles/cmTC_f249e.dir/HAVE_LONG_LONG.c.o -o cmTC_f249e 
gmake[1]: Leaving directory '/home/xerox1/Documents/GitHub/stat_viewer/system_stats/target/debug/build/fltk-sys-9a1639c2616ca500/out/build/CMakeFiles/CMakeScratch/TryCompile-eDD3Tr'



Determining if files dlfcn.h exist passed with the following output:
Change Dir: /home/xerox1/Documents/GitHub/stat_viewer/system_stats/target/debug/build/fltk-sys-9a1639c2616ca500/out/build/CMakeFiles/CMakeScratch/TryCompile-Cx2IsD

Run Build Command(s):/usr/bin/gmake -f Makefile cmTC_1d216/fast && /usr/bin/gmake  -f CMakeFiles/cmTC_1d216.dir/build.make CMakeFiles/cmTC_1d216.dir/build
gmake[1]: Entering directory '/home/xerox1/Documents/GitHub/stat_viewer/system_stats/target/debug/build/fltk-sys-9a1639c2616ca500/out/build/CMakeFiles/CMakeScratch/TryCompile-Cx2IsD'
Building C object CMakeFiles/cmTC_1d216.dir/HAVE_DLFCN_H.c.o
/usr/bin/cc   -ffunction-sections -fdata-sections -fPIC -m64  -o CMakeFiles/cmTC_1d216.dir/HAVE_DLFCN_H.c.o -c /home/xerox1/Documents/GitHub/stat_viewer/system_stats/target/debug/build/fltk-sys-9a1639c2616ca500/out/build/CMakeFiles/CMakeScratch/TryCompile-Cx2IsD/HAVE_DLFCN_H.c
Linking C executable cmTC_1d216
/usr/bin/cmake -E cmake_link_script CMakeFiles/cmTC_1d216.dir/link.txt --verbose=1
/usr/bin/cc  -ffunction-sections -fdata-sections -fPIC -m64  CMakeFiles/cmTC_1d216.dir/HAVE_DLFCN_H.c.o -o cmTC_1d216 
gmake[1]: Leaving directory '/home/xerox1/Documents/GitHub/stat_viewer/system_stats/target/debug/build/fltk-sys-9a1639c2616ca500/out/build/CMakeFiles/CMakeScratch/TryCompile-Cx2IsD'



Determining if files GL/glu.h exist passed with the following output:
Change Dir: /home/xerox1/Documents/GitHub/stat_viewer/system_stats/target/debug/build/fltk-sys-9a1639c2616ca500/out/build/CMakeFiles/CMakeScratch/TryCompile-H8XowA

Run Build Command(s):/usr/bin/gmake -f Makefile cmTC_02fac/fast && /usr/bin/gmake  -f CMakeFiles/cmTC_02fac.dir/build.make CMakeFiles/cmTC_02fac.dir/build
gmake[1]: Entering directory '/home/xerox1/Documents/GitHub/stat_viewer/system_stats/target/debug/build/fltk-sys-9a1639c2616ca500/out/build/CMakeFiles/CMakeScratch/TryCompile-H8XowA'
Building C object CMakeFiles/cmTC_02fac.dir/HAVE_GL_GLU_H.c.o
/usr/bin/cc   -ffunction-sections -fdata-sections -fPIC -m64  -o CMakeFiles/cmTC_02fac.dir/HAVE_GL_GLU_H.c.o -c /home/xerox1/Documents/GitHub/stat_viewer/system_stats/target/debug/build/fltk-sys-9a1639c2616ca500/out/build/CMakeFiles/CMakeScratch/TryCompile-H8XowA/HAVE_GL_GLU_H.c
Linking C executable cmTC_02fac
/usr/bin/cmake -E cmake_link_script CMakeFiles/cmTC_02fac.dir/link.txt --verbose=1
/usr/bin/cc  -ffunction-sections -fdata-sections -fPIC -m64  CMakeFiles/cmTC_02fac.dir/HAVE_GL_GLU_H.c.o -o cmTC_02fac 
gmake[1]: Leaving directory '/home/xerox1/Documents/GitHub/stat_viewer/system_stats/target/debug/build/fltk-sys-9a1639c2616ca500/out/build/CMakeFiles/CMakeScratch/TryCompile-H8XowA'



Determining if files locale.h exist passed with the following output:
Change Dir: /home/xerox1/Documents/GitHub/stat_viewer/system_stats/target/debug/build/fltk-sys-9a1639c2616ca500/out/build/CMakeFiles/CMakeScratch/TryCompile-pHsNAh

Run Build Command(s):/usr/bin/gmake -f Makefile cmTC_32114/fast && /usr/bin/gmake  -f CMakeFiles/cmTC_32114.dir/build.make CMakeFiles/cmTC_32114.dir/build
gmake[1]: Entering directory '/home/xerox1/Documents/GitHub/stat_viewer/system_stats/target/debug/build/fltk-sys-9a1639c2616ca500/out/build/CMakeFiles/CMakeScratch/TryCompile-pHsNAh'
Building C object CMakeFiles/cmTC_32114.dir/HAVE_LOCALE_H.c.o
/usr/bin/cc   -ffunction-sections -fdata-sections -fPIC -m64  -o CMakeFiles/cmTC_32114.dir/HAVE_LOCALE_H.c.o -c /home/xerox1/Documents/GitHub/stat_viewer/system_stats/target/debug/build/fltk-sys-9a1639c2616ca500/out/build/CMakeFiles/CMakeScratch/TryCompile-pHsNAh/HAVE_LOCALE_H.c
Linking C executable cmTC_32114
/usr/bin/cmake -E cmake_link_script CMakeFiles/cmTC_32114.dir/link.txt --verbose=1
/usr/bin/cc  -ffunction-sections -fdata-sections -fPIC -m64  CMakeFiles/cmTC_32114.dir/HAVE_LOCALE_H.c.o -o cmTC_32114 
gmake[1]: Leaving directory '/home/xerox1/Documents/GitHub/stat_viewer/system_stats/target/debug/build/fltk-sys-9a1639c2616ca500/out/build/CMakeFiles/CMakeScratch/TryCompile-pHsNAh'



Determining if files stdio.h exist passed with the following output:
Change Dir: /home/xerox1/Documents/GitHub/stat_viewer/system_stats/target/debug/build/fltk-sys-9a1639c2616ca500/out/build/CMakeFiles/CMakeScratch/TryCompile-JaX7sj

Run Build Command(s):/usr/bin/gmake -f Makefile cmTC_46dab/fast && /usr/bin/gmake  -f CMakeFiles/cmTC_46dab.dir/build.make CMakeFiles/cmTC_46dab.dir/build
gmake[1]: Entering directory '/home/xerox1/Documents/GitHub/stat_viewer/system_stats/target/debug/build/fltk-sys-9a1639c2616ca500/out/build/CMakeFiles/CMakeScratch/TryCompile-JaX7sj'
Building C object CMakeFiles/cmTC_46dab.dir/HAVE_STDIO_H.c.o
/usr/bin/cc   -ffunction-sections -fdata-sections -fPIC -m64  -o CMakeFiles/cmTC_46dab.dir/HAVE_STDIO_H.c.o -c /home/xerox1/Documents/GitHub/stat_viewer/system_stats/target/debug/build/fltk-sys-9a1639c2616ca500/out/build/CMakeFiles/CMakeScratch/TryCompile-JaX7sj/HAVE_STDIO_H.c
Linking C executable cmTC_46dab
/usr/bin/cmake -E cmake_link_script CMakeFiles/cmTC_46dab.dir/link.txt --verbose=1
/usr/bin/cc  -ffunction-sections -fdata-sections -fPIC -m64  CMakeFiles/cmTC_46dab.dir/HAVE_STDIO_H.c.o -o cmTC_46dab 
gmake[1]: Leaving directory '/home/xerox1/Documents/GitHub/stat_viewer/system_stats/target/debug/build/fltk-sys-9a1639c2616ca500/out/build/CMakeFiles/CMakeScratch/TryCompile-JaX7sj'



Determining if files strings.h exist passed with the following output:
Change Dir: /home/xerox1/Documents/GitHub/stat_viewer/system_stats/target/debug/build/fltk-sys-9a1639c2616ca500/out/build/CMakeFiles/CMakeScratch/TryCompile-J4ftW0

Run Build Command(s):/usr/bin/gmake -f Makefile cmTC_138c5/fast && /usr/bin/gmake  -f CMakeFiles/cmTC_138c5.dir/build.make CMakeFiles/cmTC_138c5.dir/build
gmake[1]: Entering directory '/home/xerox1/Documents/GitHub/stat_viewer/system_stats/target/debug/build/fltk-sys-9a1639c2616ca500/out/build/CMakeFiles/CMakeScratch/TryCompile-J4ftW0'
Building C object CMakeFiles/cmTC_138c5.dir/HAVE_STRINGS_H.c.o
/usr/bin/cc   -ffunction-sections -fdata-sections -fPIC -m64  -o CMakeFiles/cmTC_138c5.dir/HAVE_STRINGS_H.c.o -c /home/xerox1/Documents/GitHub/stat_viewer/system_stats/target/debug/build/fltk-sys-9a1639c2616ca500/out/build/CMakeFiles/CMakeScratch/TryCompile-J4ftW0/HAVE_STRINGS_H.c
Linking C executable cmTC_138c5
/usr/bin/cmake -E cmake_link_script CMakeFiles/cmTC_138c5.dir/link.txt --verbose=1
/usr/bin/cc  -ffunction-sections -fdata-sections -fPIC -m64  CMakeFiles/cmTC_138c5.dir/HAVE_STRINGS_H.c.o -o cmTC_138c5 
gmake[1]: Leaving directory '/home/xerox1/Documents/GitHub/stat_viewer/system_stats/target/debug/build/fltk-sys-9a1639c2616ca500/out/build/CMakeFiles/CMakeScratch/TryCompile-J4ftW0'



Determining if files sys/select.h exist passed with the following output:
Change Dir: /home/xerox1/Documents/GitHub/stat_viewer/system_stats/target/debug/build/fltk-sys-9a1639c2616ca500/out/build/CMakeFiles/CMakeScratch/TryCompile-Ti3xUn

Run Build Command(s):/usr/bin/gmake -f Makefile cmTC_ee111/fast && /usr/bin/gmake  -f CMakeFiles/cmTC_ee111.dir/build.make CMakeFiles/cmTC_ee111.dir/build
gmake[1]: Entering directory '/home/xerox1/Documents/GitHub/stat_viewer/system_stats/target/debug/build/fltk-sys-9a1639c2616ca500/out/build/CMakeFiles/CMakeScratch/TryCompile-Ti3xUn'
Building C object CMakeFiles/cmTC_ee111.dir/HAVE_SYS_SELECT_H.c.o
/usr/bin/cc   -ffunction-sections -fdata-sections -fPIC -m64  -o CMakeFiles/cmTC_ee111.dir/HAVE_SYS_SELECT_H.c.o -c /home/xerox1/Documents/GitHub/stat_viewer/system_stats/target/debug/build/fltk-sys-9a1639c2616ca500/out/build/CMakeFiles/CMakeScratch/TryCompile-Ti3xUn/HAVE_SYS_SELECT_H.c
Linking C executable cmTC_ee111
/usr/bin/cmake -E cmake_link_script CMakeFiles/cmTC_ee111.dir/link.txt --verbose=1
/usr/bin/cc  -ffunction-sections -fdata-sections -fPIC -m64  CMakeFiles/cmTC_ee111.dir/HAVE_SYS_SELECT_H.c.o -o cmTC_ee111 
gmake[1]: Leaving directory '/home/xerox1/Documents/GitHub/stat_viewer/system_stats/target/debug/build/fltk-sys-9a1639c2616ca500/out/build/CMakeFiles/CMakeScratch/TryCompile-Ti3xUn'



Determining if files X11/Xlib.h;X11/Xregion.h exist passed with the following output:
Change Dir: /home/xerox1/Documents/GitHub/stat_viewer/system_stats/target/debug/build/fltk-sys-9a1639c2616ca500/out/build/CMakeFiles/CMakeScratch/TryCompile-lQr4QB

Run Build Command(s):/usr/bin/gmake -f Makefile cmTC_a1d37/fast && /usr/bin/gmake  -f CMakeFiles/cmTC_a1d37.dir/build.make CMakeFiles/cmTC_a1d37.dir/build
gmake[1]: Entering directory '/home/xerox1/Documents/GitHub/stat_viewer/system_stats/target/debug/build/fltk-sys-9a1639c2616ca500/out/build/CMakeFiles/CMakeScratch/TryCompile-lQr4QB'
Building C object CMakeFiles/cmTC_a1d37.dir/HAVE_X11_XREGION_H.c.o
/usr/bin/cc   -ffunction-sections -fdata-sections -fPIC -m64  -o CMakeFiles/cmTC_a1d37.dir/HAVE_X11_XREGION_H.c.o -c /home/xerox1/Documents/GitHub/stat_viewer/system_stats/target/debug/build/fltk-sys-9a1639c2616ca500/out/build/CMakeFiles/CMakeScratch/TryCompile-lQr4QB/HAVE_X11_XREGION_H.c
Linking C executable cmTC_a1d37
/usr/bin/cmake -E cmake_link_script CMakeFiles/cmTC_a1d37.dir/link.txt --verbose=1
/usr/bin/cc  -ffunction-sections -fdata-sections -fPIC -m64  CMakeFiles/cmTC_a1d37.dir/HAVE_X11_XREGION_H.c.o -o cmTC_a1d37 
gmake[1]: Leaving directory '/home/xerox1/Documents/GitHub/stat_viewer/system_stats/target/debug/build/fltk-sys-9a1639c2616ca500/out/build/CMakeFiles/CMakeScratch/TryCompile-lQr4QB'



Determining if files pthread.h exist passed with the following output:
Change Dir: /home/xerox1/Documents/GitHub/stat_viewer/system_stats/target/debug/build/fltk-sys-9a1639c2616ca500/out/build/CMakeFiles/CMakeScratch/TryCompile-ucyCTn

Run Build Command(s):/usr/bin/gmake -f Makefile cmTC_a9e2a/fast && /usr/bin/gmake  -f CMakeFiles/cmTC_a9e2a.dir/build.make CMakeFiles/cmTC_a9e2a.dir/build
gmake[1]: Entering directory '/home/xerox1/Documents/GitHub/stat_viewer/system_stats/target/debug/build/fltk-sys-9a1639c2616ca500/out/build/CMakeFiles/CMakeScratch/TryCompile-ucyCTn'
Building C object CMakeFiles/cmTC_a9e2a.dir/HAVE_PTHREAD_H.c.o
/usr/bin/cc   -ffunction-sections -fdata-sections -fPIC -m64  -o CMakeFiles/cmTC_a9e2a.dir/HAVE_PTHREAD_H.c.o -c /home/xerox1/Documents/GitHub/stat_viewer/system_stats/target/debug/build/fltk-sys-9a1639c2616ca500/out/build/CMakeFiles/CMakeScratch/TryCompile-ucyCTn/HAVE_PTHREAD_H.c
Linking C executable cmTC_a9e2a
/usr/bin/cmake -E cmake_link_script CMakeFiles/cmTC_a9e2a.dir/link.txt --verbose=1
/usr/bin/cc  -ffunction-sections -fdata-sections -fPIC -m64  CMakeFiles/cmTC_a9e2a.dir/HAVE_PTHREAD_H.c.o -o cmTC_a9e2a 
gmake[1]: Leaving directory '/home/xerox1/Documents/GitHub/stat_viewer/system_stats/target/debug/build/fltk-sys-9a1639c2616ca500/out/build/CMakeFiles/CMakeScratch/TryCompile-ucyCTn'



Determining if files dirent.h exist passed with the following output:
Change Dir: /home/xerox1/Documents/GitHub/stat_viewer/system_stats/target/debug/build/fltk-sys-9a1639c2616ca500/out/build/CMakeFiles/CMakeScratch/TryCompile-nihgUG

Run Build Command(s):/usr/bin/gmake -f Makefile cmTC_3e785/fast && /usr/bin/gmake  -f CMakeFiles/cmTC_3e785.dir/build.make CMakeFiles/cmTC_3e785.dir/build
gmake[1]: Entering directory '/home/xerox1/Documents/GitHub/stat_viewer/system_stats/target/debug/build/fltk-sys-9a1639c2616ca500/out/build/CMakeFiles/CMakeScratch/TryCompile-nihgUG'
Building C object CMakeFiles/cmTC_3e785.dir/HAVE_DIRENT_H.c.o
/usr/bin/cc   -ffunction-sections -fdata-sections -fPIC -m64  -o CMakeFiles/cmTC_3e785.dir/HAVE_DIRENT_H.c.o -c /home/xerox1/Documents/GitHub/stat_viewer/system_stats/target/debug/build/fltk-sys-9a1639c2616ca500/out/build/CMakeFiles/CMakeScratch/TryCompile-nihgUG/HAVE_DIRENT_H.c
Linking C executable cmTC_3e785
/usr/bin/cmake -E cmake_link_script CMakeFiles/cmTC_3e785.dir/link.txt --verbose=1
/usr/bin/cc  -ffunction-sections -fdata-sections -fPIC -m64  CMakeFiles/cmTC_3e785.dir/HAVE_DIRENT_H.c.o -o cmTC_3e785 
gmake[1]: Leaving directory '/home/xerox1/Documents/GitHub/stat_viewer/system_stats/target/debug/build/fltk-sys-9a1639c2616ca500/out/build/CMakeFiles/CMakeScratch/TryCompile-nihgUG'



Determining if the function dlsym exists passed with the following output:
Change Dir: /home/xerox1/Documents/GitHub/stat_viewer/system_stats/target/debug/build/fltk-sys-9a1639c2616ca500/out/build/CMakeFiles/CMakeScratch/TryCompile-jgP2RF

Run Build Command(s):/usr/bin/gmake -f Makefile cmTC_d776d/fast && /usr/bin/gmake  -f CMakeFiles/cmTC_d776d.dir/build.make CMakeFiles/cmTC_d776d.dir/build
gmake[1]: Entering directory '/home/xerox1/Documents/GitHub/stat_viewer/system_stats/target/debug/build/fltk-sys-9a1639c2616ca500/out/build/CMakeFiles/CMakeScratch/TryCompile-jgP2RF'
Building C object CMakeFiles/cmTC_d776d.dir/CheckFunctionExists.c.o
/usr/bin/cc   -ffunction-sections -fdata-sections -fPIC -m64 -DCHECK_FUNCTION_EXISTS=dlsym -o CMakeFiles/cmTC_d776d.dir/CheckFunctionExists.c.o -c /home/xerox1/Documents/GitHub/stat_viewer/system_stats/target/debug/build/fltk-sys-9a1639c2616ca500/out/build/CMakeFiles/CMakeScratch/TryCompile-jgP2RF/CheckFunctionExists.c
Linking C executable cmTC_d776d
/usr/bin/cmake -E cmake_link_script CMakeFiles/cmTC_d776d.dir/link.txt --verbose=1
/usr/bin/cc  -ffunction-sections -fdata-sections -fPIC -m64 -DCHECK_FUNCTION_EXISTS=dlsym CMakeFiles/cmTC_d776d.dir/CheckFunctionExists.c.o -o cmTC_d776d  -ldl 
gmake[1]: Leaving directory '/home/xerox1/Documents/GitHub/stat_viewer/system_stats/target/debug/build/fltk-sys-9a1639c2616ca500/out/build/CMakeFiles/CMakeScratch/TryCompile-jgP2RF'



Determining if the function localeconv exists passed with the following output:
Change Dir: /home/xerox1/Documents/GitHub/stat_viewer/system_stats/target/debug/build/fltk-sys-9a1639c2616ca500/out/build/CMakeFiles/CMakeScratch/TryCompile-dv0JB4

Run Build Command(s):/usr/bin/gmake -f Makefile cmTC_98683/fast && /usr/bin/gmake  -f CMakeFiles/cmTC_98683.dir/build.make CMakeFiles/cmTC_98683.dir/build
gmake[1]: Entering directory '/home/xerox1/Documents/GitHub/stat_viewer/system_stats/target/debug/build/fltk-sys-9a1639c2616ca500/out/build/CMakeFiles/CMakeScratch/TryCompile-dv0JB4'
Building C object CMakeFiles/cmTC_98683.dir/CheckFunctionExists.c.o
/usr/bin/cc   -ffunction-sections -fdata-sections -fPIC -m64 -DCHECK_FUNCTION_EXISTS=localeconv -o CMakeFiles/cmTC_98683.dir/CheckFunctionExists.c.o -c /home/xerox1/Documents/GitHub/stat_viewer/system_stats/target/debug/build/fltk-sys-9a1639c2616ca500/out/build/CMakeFiles/CMakeScratch/TryCompile-dv0JB4/CheckFunctionExists.c
Linking C executable cmTC_98683
/usr/bin/cmake -E cmake_link_script CMakeFiles/cmTC_98683.dir/link.txt --verbose=1
/usr/bin/cc  -ffunction-sections -fdata-sections -fPIC -m64 -DCHECK_FUNCTION_EXISTS=localeconv CMakeFiles/cmTC_98683.dir/CheckFunctionExists.c.o -o cmTC_98683 
gmake[1]: Leaving directory '/home/xerox1/Documents/GitHub/stat_viewer/system_stats/target/debug/build/fltk-sys-9a1639c2616ca500/out/build/CMakeFiles/CMakeScratch/TryCompile-dv0JB4'



Determining if the function png_get_valid exists passed with the following output:
Change Dir: /home/xerox1/Documents/GitHub/stat_viewer/system_stats/target/debug/build/fltk-sys-9a1639c2616ca500/out/build/CMakeFiles/CMakeScratch/TryCompile-63QPMK

Run Build Command(s):/usr/bin/gmake -f Makefile cmTC_86f74/fast && /usr/bin/gmake  -f CMakeFiles/cmTC_86f74.dir/build.make CMakeFiles/cmTC_86f74.dir/build
gmake[1]: Entering directory '/home/xerox1/Documents/GitHub/stat_viewer/system_stats/target/debug/build/fltk-sys-9a1639c2616ca500/out/build/CMakeFiles/CMakeScratch/TryCompile-63QPMK'
Building C object CMakeFiles/cmTC_86f74.dir/CheckFunctionExists.c.o
/usr/bin/cc   -ffunction-sections -fdata-sections -fPIC -m64 -DCHECK_FUNCTION_EXISTS=png_get_valid -o CMakeFiles/cmTC_86f74.dir/CheckFunctionExists.c.o -c /home/xerox1/Documents/GitHub/stat_viewer/system_stats/target/debug/build/fltk-sys-9a1639c2616ca500/out/build/CMakeFiles/CMakeScratch/TryCompile-63QPMK/CheckFunctionExists.c
Linking C executable cmTC_86f74
/usr/bin/cmake -E cmake_link_script CMakeFiles/cmTC_86f74.dir/link.txt --verbose=1
/usr/bin/cc  -ffunction-sections -fdata-sections -fPIC -m64 -DCHECK_FUNCTION_EXISTS=png_get_valid CMakeFiles/cmTC_86f74.dir/CheckFunctionExists.c.o -o cmTC_86f74  /usr/lib/x86_64-linux-gnu/libpng.so 
gmake[1]: Leaving directory '/home/xerox1/Documents/GitHub/stat_viewer/system_stats/target/debug/build/fltk-sys-9a1639c2616ca500/out/build/CMakeFiles/CMakeScratch/TryCompile-63QPMK'



Determining if the function png_set_tRNS_to_alpha exists passed with the following output:
Change Dir: /home/xerox1/Documents/GitHub/stat_viewer/system_stats/target/debug/build/fltk-sys-9a1639c2616ca500/out/build/CMakeFiles/CMakeScratch/TryCompile-PVWHlz

Run Build Command(s):/usr/bin/gmake -f Makefile cmTC_6b00e/fast && /usr/bin/gmake  -f CMakeFiles/cmTC_6b00e.dir/build.make CMakeFiles/cmTC_6b00e.dir/build
gmake[1]: Entering directory '/home/xerox1/Documents/GitHub/stat_viewer/system_stats/target/debug/build/fltk-sys-9a1639c2616ca500/out/build/CMakeFiles/CMakeScratch/TryCompile-PVWHlz'
Building C object CMakeFiles/cmTC_6b00e.dir/CheckFunctionExists.c.o
/usr/bin/cc   -ffunction-sections -fdata-sections -fPIC -m64 -DCHECK_FUNCTION_EXISTS=png_set_tRNS_to_alpha -o CMakeFiles/cmTC_6b00e.dir/CheckFunctionExists.c.o -c /home/xerox1/Documents/GitHub/stat_viewer/system_stats/target/debug/build/fltk-sys-9a1639c2616ca500/out/build/CMakeFiles/CMakeScratch/TryCompile-PVWHlz/CheckFunctionExists.c
Linking C executable cmTC_6b00e
/usr/bin/cmake -E cmake_link_script CMakeFiles/cmTC_6b00e.dir/link.txt --verbose=1
/usr/bin/cc  -ffunction-sections -fdata-sections -fPIC -m64 -DCHECK_FUNCTION_EXISTS=png_set_tRNS_to_alpha CMakeFiles/cmTC_6b00e.dir/CheckFunctionExists.c.o -o cmTC_6b00e  /usr/lib/x86_64-linux-gnu/libpng.so 
gmake[1]: Leaving directory '/home/xerox1/Documents/GitHub/stat_viewer/system_stats/target/debug/build/fltk-sys-9a1639c2616ca500/out/build/CMakeFiles/CMakeScratch/TryCompile-PVWHlz'



Determining if the function scandir exists passed with the following output:
Change Dir: /home/xerox1/Documents/GitHub/stat_viewer/system_stats/target/debug/build/fltk-sys-9a1639c2616ca500/out/build/CMakeFiles/CMakeScratch/TryCompile-8704Rx

Run Build Command(s):/usr/bin/gmake -f Makefile cmTC_7ade8/fast && /usr/bin/gmake  -f CMakeFiles/cmTC_7ade8.dir/build.make CMakeFiles/cmTC_7ade8.dir/build
gmake[1]: Entering directory '/home/xerox1/Documents/GitHub/stat_viewer/system_stats/target/debug/build/fltk-sys-9a1639c2616ca500/out/build/CMakeFiles/CMakeScratch/TryCompile-8704Rx'
Building C object CMakeFiles/cmTC_7ade8.dir/CheckFunctionExists.c.o
/usr/bin/cc   -ffunction-sections -fdata-sections -fPIC -m64 -DCHECK_FUNCTION_EXISTS=scandir -o CMakeFiles/cmTC_7ade8.dir/CheckFunctionExists.c.o -c /home/xerox1/Documents/GitHub/stat_viewer/system_stats/target/debug/build/fltk-sys-9a1639c2616ca500/out/build/CMakeFiles/CMakeScratch/TryCompile-8704Rx/CheckFunctionExists.c
Linking C executable cmTC_7ade8
/usr/bin/cmake -E cmake_link_script CMakeFiles/cmTC_7ade8.dir/link.txt --verbose=1
/usr/bin/cc  -ffunction-sections -fdata-sections -fPIC -m64 -DCHECK_FUNCTION_EXISTS=scandir CMakeFiles/cmTC_7ade8.dir/CheckFunctionExists.c.o -o cmTC_7ade8 
gmake[1]: Leaving directory '/home/xerox1/Documents/GitHub/stat_viewer/system_stats/target/debug/build/fltk-sys-9a1639c2616ca500/out/build/CMakeFiles/CMakeScratch/TryCompile-8704Rx'



Determining if the function snprintf exists passed with the following output:
Change Dir: /home/xerox1/Documents/GitHub/stat_viewer/system_stats/target/debug/build/fltk-sys-9a1639c2616ca500/out/build/CMakeFiles/CMakeScratch/TryCompile-dI4uCp

Run Build Command(s):/usr/bin/gmake -f Makefile cmTC_492de/fast && /usr/bin/gmake  -f CMakeFiles/cmTC_492de.dir/build.make CMakeFiles/cmTC_492de.dir/build
gmake[1]: Entering directory '/home/xerox1/Documents/GitHub/stat_viewer/system_stats/target/debug/build/fltk-sys-9a1639c2616ca500/out/build/CMakeFiles/CMakeScratch/TryCompile-dI4uCp'
Building C object CMakeFiles/cmTC_492de.dir/CheckFunctionExists.c.o
/usr/bin/cc   -ffunction-sections -fdata-sections -fPIC -m64 -DCHECK_FUNCTION_EXISTS=snprintf -o CMakeFiles/cmTC_492de.dir/CheckFunctionExists.c.o -c /home/xerox1/Documents/GitHub/stat_viewer/system_stats/target/debug/build/fltk-sys-9a1639c2616ca500/out/build/CMakeFiles/CMakeScratch/TryCompile-dI4uCp/CheckFunctionExists.c
<command-line>: warning: conflicting types for built-in function snprintf; expected int(char *, long unsigned int,  const char *, ...) [-Wbuiltin-declaration-mismatch]
/home/xerox1/Documents/GitHub/stat_viewer/system_stats/target/debug/build/fltk-sys-9a1639c2616ca500/out/build/CMakeFiles/CMakeScratch/TryCompile-dI4uCp/CheckFunctionExists.c:7:3: note: in expansion of macro CHECK_FUNCTION_EXISTS
    7 |   CHECK_FUNCTION_EXISTS(void);
      |   ^~~~~~~~~~~~~~~~~~~~~
/home/xerox1/Documents/GitHub/stat_viewer/system_stats/target/debug/build/fltk-sys-9a1639c2616ca500/out/build/CMakeFiles/CMakeScratch/TryCompile-dI4uCp/CheckFunctionExists.c:1:1: note: snprintf is declared in header <stdio.h>
  +++ |+#include <stdio.h>
    1 | #ifdef CHECK_FUNCTION_EXISTS
Linking C executable cmTC_492de
/usr/bin/cmake -E cmake_link_script CMakeFiles/cmTC_492de.dir/link.txt --verbose=1
/usr/bin/cc  -ffunction-sections -fdata-sections -fPIC -m64 -DCHECK_FUNCTION_EXISTS=snprintf CMakeFiles/cmTC_492de.dir/CheckFunctionExists.c.o -o cmTC_492de 
gmake[1]: Leaving directory '/home/xerox1/Documents/GitHub/stat_viewer/system_stats/target/debug/build/fltk-sys-9a1639c2616ca500/out/build/CMakeFiles/CMakeScratch/TryCompile-dI4uCp'



Determining if the function strcasecmp exists passed with the following output:
Change Dir: /home/xerox1/Documents/GitHub/stat_viewer/system_stats/target/debug/build/fltk-sys-9a1639c2616ca500/out/build/CMakeFiles/CMakeScratch/TryCompile-qBRvpJ

Run Build Command(s):/usr/bin/gmake -f Makefile cmTC_f86fc/fast && /usr/bin/gmake  -f CMakeFiles/cmTC_f86fc.dir/build.make CMakeFiles/cmTC_f86fc.dir/build
gmake[1]: Entering directory '/home/xerox1/Documents/GitHub/stat_viewer/system_stats/target/debug/build/fltk-sys-9a1639c2616ca500/out/build/CMakeFiles/CMakeScratch/TryCompile-qBRvpJ'
Building C object CMakeFiles/cmTC_f86fc.dir/CheckFunctionExists.c.o
/usr/bin/cc   -ffunction-sections -fdata-sections -fPIC -m64 -DCHECK_FUNCTION_EXISTS=strcasecmp -o CMakeFiles/cmTC_f86fc.dir/CheckFunctionExists.c.o -c /home/xerox1/Documents/GitHub/stat_viewer/system_stats/target/debug/build/fltk-sys-9a1639c2616ca500/out/build/CMakeFiles/CMakeScratch/TryCompile-qBRvpJ/CheckFunctionExists.c
<command-line>: warning: conflicting types for built-in function strcasecmp; expected int(const char *, const char *) [-Wbuiltin-declaration-mismatch]
<command-line>: note: in definition of macro CHECK_FUNCTION_EXISTS
Linking C executable cmTC_f86fc
/usr/bin/cmake -E cmake_link_script CMakeFiles/cmTC_f86fc.dir/link.txt --verbose=1
/usr/bin/cc  -ffunction-sections -fdata-sections -fPIC -m64 -DCHECK_FUNCTION_EXISTS=strcasecmp CMakeFiles/cmTC_f86fc.dir/CheckFunctionExists.c.o -o cmTC_f86fc 
gmake[1]: Leaving directory '/home/xerox1/Documents/GitHub/stat_viewer/system_stats/target/debug/build/fltk-sys-9a1639c2616ca500/out/build/CMakeFiles/CMakeScratch/TryCompile-qBRvpJ'



Determining if the function vsnprintf exists passed with the following output:
Change Dir: /home/xerox1/Documents/GitHub/stat_viewer/system_stats/target/debug/build/fltk-sys-9a1639c2616ca500/out/build/CMakeFiles/CMakeScratch/TryCompile-KMnwUz

Run Build Command(s):/usr/bin/gmake -f Makefile cmTC_f10bd/fast && /usr/bin/gmake  -f CMakeFiles/cmTC_f10bd.dir/build.make CMakeFiles/cmTC_f10bd.dir/build
gmake[1]: Entering directory '/home/xerox1/Documents/GitHub/stat_viewer/system_stats/target/debug/build/fltk-sys-9a1639c2616ca500/out/build/CMakeFiles/CMakeScratch/TryCompile-KMnwUz'
Building C object CMakeFiles/cmTC_f10bd.dir/CheckFunctionExists.c.o
/usr/bin/cc   -ffunction-sections -fdata-sections -fPIC -m64 -DCHECK_FUNCTION_EXISTS=vsnprintf -o CMakeFiles/cmTC_f10bd.dir/CheckFunctionExists.c.o -c /home/xerox1/Documents/GitHub/stat_viewer/system_stats/target/debug/build/fltk-sys-9a1639c2616ca500/out/build/CMakeFiles/CMakeScratch/TryCompile-KMnwUz/CheckFunctionExists.c
<command-line>: warning: conflicting types for built-in function vsnprintf; expected int(char *, long unsigned int,  const char *, __va_list_tag *) [-Wbuiltin-declaration-mismatch]
/home/xerox1/Documents/GitHub/stat_viewer/system_stats/target/debug/build/fltk-sys-9a1639c2616ca500/out/build/CMakeFiles/CMakeScratch/TryCompile-KMnwUz/CheckFunctionExists.c:7:3: note: in expansion of macro CHECK_FUNCTION_EXISTS
    7 |   CHECK_FUNCTION_EXISTS(void);
      |   ^~~~~~~~~~~~~~~~~~~~~
/home/xerox1/Documents/GitHub/stat_viewer/system_stats/target/debug/build/fltk-sys-9a1639c2616ca500/out/build/CMakeFiles/CMakeScratch/TryCompile-KMnwUz/CheckFunctionExists.c:1:1: note: vsnprintf is declared in header <stdio.h>
  +++ |+#include <stdio.h>
    1 | #ifdef CHECK_FUNCTION_EXISTS
Linking C executable cmTC_f10bd
/usr/bin/cmake -E cmake_link_script CMakeFiles/cmTC_f10bd.dir/link.txt --verbose=1
/usr/bin/cc  -ffunction-sections -fdata-sections -fPIC -m64 -DCHECK_FUNCTION_EXISTS=vsnprintf CMakeFiles/cmTC_f10bd.dir/CheckFunctionExists.c.o -o cmTC_f10bd 
gmake[1]: Leaving directory '/home/xerox1/Documents/GitHub/stat_viewer/system_stats/target/debug/build/fltk-sys-9a1639c2616ca500/out/build/CMakeFiles/CMakeScratch/TryCompile-KMnwUz'



Determining if the function setenv exists passed with the following output:
Change Dir: /home/xerox1/Documents/GitHub/stat_viewer/system_stats/target/debug/build/fltk-sys-9a1639c2616ca500/out/build/CMakeFiles/CMakeScratch/TryCompile-Xs8LEd

Run Build Command(s):/usr/bin/gmake -f Makefile cmTC_d3091/fast && /usr/bin/gmake  -f CMakeFiles/cmTC_d3091.dir/build.make CMakeFiles/cmTC_d3091.dir/build
gmake[1]: Entering directory '/home/xerox1/Documents/GitHub/stat_viewer/system_stats/target/debug/build/fltk-sys-9a1639c2616ca500/out/build/CMakeFiles/CMakeScratch/TryCompile-Xs8LEd'
Building C object CMakeFiles/cmTC_d3091.dir/CheckFunctionExists.c.o
/usr/bin/cc   -ffunction-sections -fdata-sections -fPIC -m64 -DCHECK_FUNCTION_EXISTS=setenv -o CMakeFiles/cmTC_d3091.dir/CheckFunctionExists.c.o -c /home/xerox1/Documents/GitHub/stat_viewer/system_stats/target/debug/build/fltk-sys-9a1639c2616ca500/out/build/CMakeFiles/CMakeScratch/TryCompile-Xs8LEd/CheckFunctionExists.c
Linking C executable cmTC_d3091
/usr/bin/cmake -E cmake_link_script CMakeFiles/cmTC_d3091.dir/link.txt --verbose=1
/usr/bin/cc  -ffunction-sections -fdata-sections -fPIC -m64 -DCHECK_FUNCTION_EXISTS=setenv CMakeFiles/cmTC_d3091.dir/CheckFunctionExists.c.o -o cmTC_d3091 
gmake[1]: Leaving directory '/home/xerox1/Documents/GitHub/stat_viewer/system_stats/target/debug/build/fltk-sys-9a1639c2616ca500/out/build/CMakeFiles/CMakeScratch/TryCompile-Xs8LEd'



Determining if the function trunc exists passed with the following output:
Change Dir: /home/xerox1/Documents/GitHub/stat_viewer/system_stats/target/debug/build/fltk-sys-9a1639c2616ca500/out/build/CMakeFiles/CMakeScratch/TryCompile-p8fvlL

Run Build Command(s):/usr/bin/gmake -f Makefile cmTC_0e492/fast && /usr/bin/gmake  -f CMakeFiles/cmTC_0e492.dir/build.make CMakeFiles/cmTC_0e492.dir/build
gmake[1]: Entering directory '/home/xerox1/Documents/GitHub/stat_viewer/system_stats/target/debug/build/fltk-sys-9a1639c2616ca500/out/build/CMakeFiles/CMakeScratch/TryCompile-p8fvlL'
Building C object CMakeFiles/cmTC_0e492.dir/CheckFunctionExists.c.o
/usr/bin/cc   -ffunction-sections -fdata-sections -fPIC -m64 -DCHECK_FUNCTION_EXISTS=trunc -o CMakeFiles/cmTC_0e492.dir/CheckFunctionExists.c.o -c /home/xerox1/Documents/GitHub/stat_viewer/system_stats/target/debug/build/fltk-sys-9a1639c2616ca500/out/build/CMakeFiles/CMakeScratch/TryCompile-p8fvlL/CheckFunctionExists.c
<command-line>: warning: conflicting types for built-in function trunc; expected double(double) [-Wbuiltin-declaration-mismatch]
/home/xerox1/Documents/GitHub/stat_viewer/system_stats/target/debug/build/fltk-sys-9a1639c2616ca500/out/build/CMakeFiles/CMakeScratch/TryCompile-p8fvlL/CheckFunctionExists.c:7:3: note: in expansion of macro CHECK_FUNCTION_EXISTS
    7 |   CHECK_FUNCTION_EXISTS(void);
      |   ^~~~~~~~~~~~~~~~~~~~~
/home/xerox1/Documents/GitHub/stat_viewer/system_stats/target/debug/build/fltk-sys-9a1639c2616ca500/out/build/CMakeFiles/CMakeScratch/TryCompile-p8fvlL/CheckFunctionExists.c:1:1: note: trunc is declared in header <math.h>
  +++ |+#include <math.h>
    1 | #ifdef CHECK_FUNCTION_EXISTS
Linking C executable cmTC_0e492
/usr/bin/cmake -E cmake_link_script CMakeFiles/cmTC_0e492.dir/link.txt --verbose=1
/usr/bin/cc  -ffunction-sections -fdata-sections -fPIC -m64 -DCHECK_FUNCTION_EXISTS=trunc CMakeFiles/cmTC_0e492.dir/CheckFunctionExists.c.o -o cmTC_0e492  -lm 
gmake[1]: Leaving directory '/home/xerox1/Documents/GitHub/stat_viewer/system_stats/target/debug/build/fltk-sys-9a1639c2616ca500/out/build/CMakeFiles/CMakeScratch/TryCompile-p8fvlL'



Determining if the function XOpenDisplay exists in the /usr/lib/x86_64-linux-gnu/libX11.so;/usr/lib/x86_64-linux-gnu/libXext.so passed with the following output:
Change Dir: /home/xerox1/Documents/GitHub/stat_viewer/system_stats/target/debug/build/fltk-sys-9a1639c2616ca500/out/build/CMakeFiles/CMakeScratch/TryCompile-xjFqGD

Run Build Command(s):/usr/bin/gmake -f Makefile cmTC_c48bd/fast && /usr/bin/gmake  -f CMakeFiles/cmTC_c48bd.dir/build.make CMakeFiles/cmTC_c48bd.dir/build
gmake[1]: Entering directory '/home/xerox1/Documents/GitHub/stat_viewer/system_stats/target/debug/build/fltk-sys-9a1639c2616ca500/out/build/CMakeFiles/CMakeScratch/TryCompile-xjFqGD'
Building C object CMakeFiles/cmTC_c48bd.dir/CheckFunctionExists.c.o
/usr/bin/cc   -ffunction-sections -fdata-sections -fPIC -m64 -DCHECK_FUNCTION_EXISTS=XOpenDisplay -o CMakeFiles/cmTC_c48bd.dir/CheckFunctionExists.c.o -c /home/xerox1/Documents/GitHub/stat_viewer/system_stats/target/debug/build/fltk-sys-9a1639c2616ca500/out/build/CMakeFiles/CMakeScratch/TryCompile-xjFqGD/CheckFunctionExists.c
Linking C executable cmTC_c48bd
/usr/bin/cmake -E cmake_link_script CMakeFiles/cmTC_c48bd.dir/link.txt --verbose=1
/usr/bin/cc  -ffunction-sections -fdata-sections -fPIC -m64 -DCHECK_FUNCTION_EXISTS=XOpenDisplay CMakeFiles/cmTC_c48bd.dir/CheckFunctionExists.c.o -o cmTC_c48bd  /usr/lib/x86_64-linux-gnu/libX11.so /usr/lib/x86_64-linux-gnu/libXext.so 
gmake[1]: Leaving directory '/home/xerox1/Documents/GitHub/stat_viewer/system_stats/target/debug/build/fltk-sys-9a1639c2616ca500/out/build/CMakeFiles/CMakeScratch/TryCompile-xjFqGD'



Determining if the function gethostbyname exists passed with the following output:
Change Dir: /home/xerox1/Documents/GitHub/stat_viewer/system_stats/target/debug/build/fltk-sys-9a1639c2616ca500/out/build/CMakeFiles/CMakeScratch/TryCompile-RVqgD2

Run Build Command(s):/usr/bin/gmake -f Makefile cmTC_43ef6/fast && /usr/bin/gmake  -f CMakeFiles/cmTC_43ef6.dir/build.make CMakeFiles/cmTC_43ef6.dir/build
gmake[1]: Entering directory '/home/xerox1/Documents/GitHub/stat_viewer/system_stats/target/debug/build/fltk-sys-9a1639c2616ca500/out/build/CMakeFiles/CMakeScratch/TryCompile-RVqgD2'
Building C object CMakeFiles/cmTC_43ef6.dir/CheckFunctionExists.c.o
/usr/bin/cc   -ffunction-sections -fdata-sections -fPIC -m64 -DCHECK_FUNCTION_EXISTS=gethostbyname -o CMakeFiles/cmTC_43ef6.dir/CheckFunctionExists.c.o -c /home/xerox1/Documents/GitHub/stat_viewer/system_stats/target/debug/build/fltk-sys-9a1639c2616ca500/out/build/CMakeFiles/CMakeScratch/TryCompile-RVqgD2/CheckFunctionExists.c
Linking C executable cmTC_43ef6
/usr/bin/cmake -E cmake_link_script CMakeFiles/cmTC_43ef6.dir/link.txt --verbose=1
/usr/bin/cc  -ffunction-sections -fdata-sections -fPIC -m64 -DCHECK_FUNCTION_EXISTS=gethostbyname CMakeFiles/cmTC_43ef6.dir/CheckFunctionExists.c.o -o cmTC_43ef6 
gmake[1]: Leaving directory '/home/xerox1/Documents/GitHub/stat_viewer/system_stats/target/debug/build/fltk-sys-9a1639c2616ca500/out/build/CMakeFiles/CMakeScratch/TryCompile-RVqgD2'



Determining if the function connect exists passed with the following output:
Change Dir: /home/xerox1/Documents/GitHub/stat_viewer/system_stats/target/debug/build/fltk-sys-9a1639c2616ca500/out/build/CMakeFiles/CMakeScratch/TryCompile-bZ0hV5

Run Build Command(s):/usr/bin/gmake -f Makefile cmTC_cf3bc/fast && /usr/bin/gmake  -f CMakeFiles/cmTC_cf3bc.dir/build.make CMakeFiles/cmTC_cf3bc.dir/build
gmake[1]: Entering directory '/home/xerox1/Documents/GitHub/stat_viewer/system_stats/target/debug/build/fltk-sys-9a1639c2616ca500/out/build/CMakeFiles/CMakeScratch/TryCompile-bZ0hV5'
Building C object CMakeFiles/cmTC_cf3bc.dir/CheckFunctionExists.c.o
/usr/bin/cc   -ffunction-sections -fdata-sections -fPIC -m64 -DCHECK_FUNCTION_EXISTS=connect -o CMakeFiles/cmTC_cf3bc.dir/CheckFunctionExists.c.o -c /home/xerox1/Documents/GitHub/stat_viewer/system_stats/target/debug/build/fltk-sys-9a1639c2616ca500/out/build/CMakeFiles/CMakeScratch/TryCompile-bZ0hV5/CheckFunctionExists.c
Linking C executable cmTC_cf3bc
/usr/bin/cmake -E cmake_link_script CMakeFiles/cmTC_cf3bc.dir/link.txt --verbose=1
/usr/bin/cc  -ffunction-sections -fdata-sections -fPIC -m64 -DCHECK_FUNCTION_EXISTS=connect CMakeFiles/cmTC_cf3bc.dir/CheckFunctionExists.c.o -o cmTC_cf3bc 
gmake[1]: Leaving directory '/home/xerox1/Documents/GitHub/stat_viewer/system_stats/target/debug/build/fltk-sys-9a1639c2616ca500/out/build/CMakeFiles/CMakeScratch/TryCompile-bZ0hV5'



Determining if the function remove exists passed with the following output:
Change Dir: /home/xerox1/Documents/GitHub/stat_viewer/system_stats/target/debug/build/fltk-sys-9a1639c2616ca500/out/build/CMakeFiles/CMakeScratch/TryCompile-yfNtWN

Run Build Command(s):/usr/bin/gmake -f Makefile cmTC_372d9/fast && /usr/bin/gmake  -f CMakeFiles/cmTC_372d9.dir/build.make CMakeFiles/cmTC_372d9.dir/build
gmake[1]: Entering directory '/home/xerox1/Documents/GitHub/stat_viewer/system_stats/target/debug/build/fltk-sys-9a1639c2616ca500/out/build/CMakeFiles/CMakeScratch/TryCompile-yfNtWN'
Building C object CMakeFiles/cmTC_372d9.dir/CheckFunctionExists.c.o
/usr/bin/cc   -ffunction-sections -fdata-sections -fPIC -m64 -DCHECK_FUNCTION_EXISTS=remove -o CMakeFiles/cmTC_372d9.dir/CheckFunctionExists.c.o -c /home/xerox1/Documents/GitHub/stat_viewer/system_stats/target/debug/build/fltk-sys-9a1639c2616ca500/out/build/CMakeFiles/CMakeScratch/TryCompile-yfNtWN/CheckFunctionExists.c
Linking C executable cmTC_372d9
/usr/bin/cmake -E cmake_link_script CMakeFiles/cmTC_372d9.dir/link.txt --verbose=1
/usr/bin/cc  -ffunction-sections -fdata-sections -fPIC -m64 -DCHECK_FUNCTION_EXISTS=remove CMakeFiles/cmTC_372d9.dir/CheckFunctionExists.c.o -o cmTC_372d9 
gmake[1]: Leaving directory '/home/xerox1/Documents/GitHub/stat_viewer/system_stats/target/debug/build/fltk-sys-9a1639c2616ca500/out/build/CMakeFiles/CMakeScratch/TryCompile-yfNtWN'



Determining if the function shmat exists passed with the following output:
Change Dir: /home/xerox1/Documents/GitHub/stat_viewer/system_stats/target/debug/build/fltk-sys-9a1639c2616ca500/out/build/CMakeFiles/CMakeScratch/TryCompile-Rnqt1n

Run Build Command(s):/usr/bin/gmake -f Makefile cmTC_41de3/fast && /usr/bin/gmake  -f CMakeFiles/cmTC_41de3.dir/build.make CMakeFiles/cmTC_41de3.dir/build
gmake[1]: Entering directory '/home/xerox1/Documents/GitHub/stat_viewer/system_stats/target/debug/build/fltk-sys-9a1639c2616ca500/out/build/CMakeFiles/CMakeScratch/TryCompile-Rnqt1n'
Building C object CMakeFiles/cmTC_41de3.dir/CheckFunctionExists.c.o
/usr/bin/cc   -ffunction-sections -fdata-sections -fPIC -m64 -DCHECK_FUNCTION_EXISTS=shmat -o CMakeFiles/cmTC_41de3.dir/CheckFunctionExists.c.o -c /home/xerox1/Documents/GitHub/stat_viewer/system_stats/target/debug/build/fltk-sys-9a1639c2616ca500/out/build/CMakeFiles/CMakeScratch/TryCompile-Rnqt1n/CheckFunctionExists.c
Linking C executable cmTC_41de3
/usr/bin/cmake -E cmake_link_script CMakeFiles/cmTC_41de3.dir/link.txt --verbose=1
/usr/bin/cc  -ffunction-sections -fdata-sections -fPIC -m64 -DCHECK_FUNCTION_EXISTS=shmat CMakeFiles/cmTC_41de3.dir/CheckFunctionExists.c.o -o cmTC_41de3 
gmake[1]: Leaving directory '/home/xerox1/Documents/GitHub/stat_viewer/system_stats/target/debug/build/fltk-sys-9a1639c2616ca500/out/build/CMakeFiles/CMakeScratch/TryCompile-Rnqt1n'



Determining if the function IceConnectionNumber exists in the ICE passed with the following output:
Change Dir: /home/xerox1/Documents/GitHub/stat_viewer/system_stats/target/debug/build/fltk-sys-9a1639c2616ca500/out/build/CMakeFiles/CMakeScratch/TryCompile-cQRxTI

Run Build Command(s):/usr/bin/gmake -f Makefile cmTC_fd138/fast && /usr/bin/gmake  -f CMakeFiles/cmTC_fd138.dir/build.make CMakeFiles/cmTC_fd138.dir/build
gmake[1]: Entering directory '/home/xerox1/Documents/GitHub/stat_viewer/system_stats/target/debug/build/fltk-sys-9a1639c2616ca500/out/build/CMakeFiles/CMakeScratch/TryCompile-cQRxTI'
Building C object CMakeFiles/cmTC_fd138.dir/CheckFunctionExists.c.o
/usr/bin/cc   -ffunction-sections -fdata-sections -fPIC -m64 -DCHECK_FUNCTION_EXISTS=IceConnectionNumber -o CMakeFiles/cmTC_fd138.dir/CheckFunctionExists.c.o -c /home/xerox1/Documents/GitHub/stat_viewer/system_stats/target/debug/build/fltk-sys-9a1639c2616ca500/out/build/CMakeFiles/CMakeScratch/TryCompile-cQRxTI/CheckFunctionExists.c
Linking C executable cmTC_fd138
/usr/bin/cmake -E cmake_link_script CMakeFiles/cmTC_fd138.dir/link.txt --verbose=1
/usr/bin/cc  -ffunction-sections -fdata-sections -fPIC -m64 -DCHECK_FUNCTION_EXISTS=IceConnectionNumber CMakeFiles/cmTC_fd138.dir/CheckFunctionExists.c.o -o cmTC_fd138  -lICE 
gmake[1]: Leaving directory '/home/xerox1/Documents/GitHub/stat_viewer/system_stats/target/debug/build/fltk-sys-9a1639c2616ca500/out/build/CMakeFiles/CMakeScratch/TryCompile-cQRxTI'



Performing C SOURCE FILE Test CMAKE_HAVE_LIBC_PTHREAD succeeded with the following output:
Change Dir: /home/xerox1/Documents/GitHub/stat_viewer/system_stats/target/debug/build/fltk-sys-9a1639c2616ca500/out/build/CMakeFiles/CMakeScratch/TryCompile-ZMNVDo

Run Build Command(s):/usr/bin/gmake -f Makefile cmTC_4d1af/fast && /usr/bin/gmake  -f CMakeFiles/cmTC_4d1af.dir/build.make CMakeFiles/cmTC_4d1af.dir/build
gmake[1]: Entering directory '/home/xerox1/Documents/GitHub/stat_viewer/system_stats/target/debug/build/fltk-sys-9a1639c2616ca500/out/build/CMakeFiles/CMakeScratch/TryCompile-ZMNVDo'
Building C object CMakeFiles/cmTC_4d1af.dir/src.c.o
/usr/bin/cc -DCMAKE_HAVE_LIBC_PTHREAD  -ffunction-sections -fdata-sections -fPIC -m64  -o CMakeFiles/cmTC_4d1af.dir/src.c.o -c /home/xerox1/Documents/GitHub/stat_viewer/system_stats/target/debug/build/fltk-sys-9a1639c2616ca500/out/build/CMakeFiles/CMakeScratch/TryCompile-ZMNVDo/src.c
Linking C executable cmTC_4d1af
/usr/bin/cmake -E cmake_link_script CMakeFiles/cmTC_4d1af.dir/link.txt --verbose=1
/usr/bin/cc  -ffunction-sections -fdata-sections -fPIC -m64  CMakeFiles/cmTC_4d1af.dir/src.c.o -o cmTC_4d1af 
gmake[1]: Leaving directory '/home/xerox1/Documents/GitHub/stat_viewer/system_stats/target/debug/build/fltk-sys-9a1639c2616ca500/out/build/CMakeFiles/CMakeScratch/TryCompile-ZMNVDo'


Source file was:
#include <pthread.h>

static void* test_func(void* data)
{
  return data;
}

int main(void)
{
  pthread_t thread;
  pthread_create(&thread, NULL, test_func, NULL);
  pthread_detach(thread);
  pthread_cancel(thread);
  pthread_join(thread, NULL);
  pthread_atfork(NULL, NULL, NULL);
  pthread_exit(NULL);

  return 0;
}


